#
# There is insufficient memory for the Java Runtime Environment to continue.
# Native memory allocation (mmap) failed to map 1073741824 bytes for committing reserved memory.
# Possible reasons:
#   The system is out of physical RAM or swap space
#   The process is running with CompressedOops enabled, and the Java Heap may be blocking the growth of the native heap
# Possible solutions:
#   Reduce memory load on the system
#   Increase physical memory or swap space
#   Check if swap backing store is full
#   Decrease Java heap size (-Xmx/-Xms)
#   Decrease number of Java threads
#   Decrease Java thread stack sizes (-Xss)
#   Set larger code cache with -XX:ReservedCodeCacheSize=
# This output file may be truncated or incomplete.
#
#  Out of Memory Error (os_linux.cpp:2922), pid=14078, tid=14079
#
# JRE version:  (11.0.9.1+1) (build )
# Java VM: OpenJDK 64-Bit Server VM (11.0.9.1+1-post-Debian-1deb10u2, mixed mode, sharing, tiered, compressed oops, g1 gc, linux-amd64)
# No core dump will be written. Core dumps have been disabled. To enable core dumping, try "ulimit -c unlimited" before starting Java again
#

---------------  S U M M A R Y ------------

Command Line: -Dfile.encoding=UTF-8 -Xms1024m -Xmx1024m -Xss4M -XX:ReservedCodeCacheSize=128m /usr/share/sbt/bin/java9-rt-export.jar /rt.jar

Host: Intel(R) Core(TM) i5-5300U CPU @ 2.30GHz, 4 cores, 3G, Debian GNU/Linux 10 (buster)
Time: Tue Apr  6 11:25:33 2021 CEST elapsed time: 0.003149 seconds (0d 0h 0m 0s)

---------------  T H R E A D  ---------------

Current thread (0x00007f43a4016000):  JavaThread "Unknown thread" [_thread_in_vm, id=14079, stack(0x00007f43a8247000,0x00007f43a8648000)]

Stack: [0x00007f43a8247000,0x00007f43a8648000],  sp=0x00007f43a8646230,  free space=4092k
Native frames: (J=compiled Java code, A=aot compiled Java code, j=interpreted, Vv=VM code, C=native code)
V  [libjvm.so+0xe163aa]
V  [libjvm.so+0xe1706b]
V  [libjvm.so+0x649af5]
V  [libjvm.so+0xb715f8]
V  [libjvm.so+0xb67f1d]
V  [libjvm.so+0x761b1f]
V  [libjvm.so+0x761ece]
V  [libjvm.so+0x76b556]
V  [libjvm.so+0x7e3364]
V  [libjvm.so+0x7e3f70]
V  [libjvm.so+0x7e4397]
V  [libjvm.so+0x71f790]
V  [libjvm.so+0x71fe91]
V  [libjvm.so+0xdd9bc2]
V  [libjvm.so+0xdd9e86]
V  [libjvm.so+0x803227]
V  [libjvm.so+0xdb368a]
V  [libjvm.so+0x8a5f71]  JNI_CreateJavaVM+0x51
C  [libjli.so+0x4868]
C  [libjli.so+0x95cd]


---------------  P R O C E S S  ---------------

Threads class SMR info:
_java_thread_list=0x0000564fb2f3e3e0, length=0, elements={
}

Java Threads: ( => current thread )

Other Threads:
  0x00007f43a402d800 GCTaskThread "GC Thread#0" [stack: 0x00007f4393799000,0x00007f4393899000] [id=14080]
  0x00007f43a4049800 ConcurrentGCThread "G1 Main Marker" [stack: 0x00007f4390c93000,0x00007f4390d93000] [id=14081]
  0x00007f43a404b800 ConcurrentGCThread "G1 Conc#0" [stack: 0x00007f4390b91000,0x00007f4390c91000] [id=14082]

[error occurred during error reporting (printing all threads), id 0xb, SIGSEGV (0xb) at pc=0x00007f43a90a2080]

VM state:not at safepoint (not fully initialized)

VM Mutex/Monitor currently owned by a thread:  ([mutex/lock_event])
[0x00007f43a40138a0] Heap_lock - owner thread: 0x00007f43a4016000

Heap address: 0x00000000c0000000, size: 1024 MB, Compressed Oops mode: Non-zero based: 0x00000000c0000000
Narrow klass base: 0x0000000000000000, Narrow klass shift: 0

GC Heap History (0 events):
No events

Deoptimization events (0 events):
No events

Classes redefined (0 events):
No events

Internal exceptions (0 events):
No events

Events (2 events):
Event: 0.001 Protecting memory [0x00007f43a8247000,0x00007f43a824b000] with protection modes 0
Event: 0.002 Loaded shared library /usr/lib/jvm/java-11-openjdk-amd64/lib/libzip.so


Dynamic libraries:
564fb18ff000-564fb1900000 r--p 00000000 08:01 8408627                    /usr/lib/jvm/java-11-openjdk-amd64/bin/java
564fb1900000-564fb1901000 r-xp 00001000 08:01 8408627                    /usr/lib/jvm/java-11-openjdk-amd64/bin/java
564fb1901000-564fb1902000 r--p 00002000 08:01 8408627                    /usr/lib/jvm/java-11-openjdk-amd64/bin/java
564fb1902000-564fb1903000 r--p 00002000 08:01 8408627                    /usr/lib/jvm/java-11-openjdk-amd64/bin/java
564fb1903000-564fb1904000 rw-p 00003000 08:01 8408627                    /usr/lib/jvm/java-11-openjdk-amd64/bin/java
564fb2f26000-564fb2f47000 rw-p 00000000 00:00 0                          [heap]
7f4382000000-7f4384000000 rw-p 00000000 00:00 0 
7f4384000000-7f4384021000 rw-p 00000000 00:00 0 
7f4384021000-7f4388000000 ---p 00000000 00:00 0 
7f4388000000-7f4388021000 rw-p 00000000 00:00 0 
7f4388021000-7f438c000000 ---p 00000000 00:00 0 
7f438c000000-7f438c021000 rw-p 00000000 00:00 0 
7f438c021000-7f4390000000 ---p 00000000 00:00 0 
7f439078b000-7f4390b8f000 rw-p 00000000 00:00 0 
7f4390b8f000-7f4390b90000 ---p 00000000 00:00 0 
7f4390b90000-7f4390c91000 rw-p 00000000 00:00 0 
7f4390c91000-7f4390c92000 ---p 00000000 00:00 0 
7f4390c92000-7f4390d93000 rw-p 00000000 00:00 0 
7f4390d93000-7f4393393000 ---p 00000000 00:00 0 
7f4393393000-7f4393797000 rw-p 00000000 00:00 0 
7f4393797000-7f4393798000 ---p 00000000 00:00 0 
7f4393798000-7f4393899000 rw-p 00000000 00:00 0 
7f4393899000-7f4393b09000 rwxp 00000000 00:00 0 
7f4393b09000-7f439b899000 ---p 00000000 00:00 0 
7f439b899000-7f43a4000000 r--s 00000000 08:01 8410950                    /usr/lib/jvm/java-11-openjdk-amd64/lib/modules
7f43a4000000-7f43a4066000 rw-p 00000000 00:00 0 
7f43a4066000-7f43a8000000 ---p 00000000 00:00 0 
7f43a80b2000-7f43a80da000 rw-p 00000000 00:00 0 
7f43a80da000-7f43a81d5000 ---p 00000000 00:00 0 
7f43a81d5000-7f43a81d8000 r--p 00000000 08:01 7340723                    /usr/lib/x86_64-linux-gnu/libnss_files-2.28.so
7f43a81d8000-7f43a81df000 r-xp 00003000 08:01 7340723                    /usr/lib/x86_64-linux-gnu/libnss_files-2.28.so
7f43a81df000-7f43a81e1000 r--p 0000a000 08:01 7340723                    /usr/lib/x86_64-linux-gnu/libnss_files-2.28.so
7f43a81e1000-7f43a81e2000 ---p 0000c000 08:01 7340723                    /usr/lib/x86_64-linux-gnu/libnss_files-2.28.so
7f43a81e2000-7f43a81e3000 r--p 0000c000 08:01 7340723                    /usr/lib/x86_64-linux-gnu/libnss_files-2.28.so
7f43a81e3000-7f43a81e4000 rw-p 0000d000 08:01 7340723                    /usr/lib/x86_64-linux-gnu/libnss_files-2.28.so
7f43a81e4000-7f43a81ea000 rw-p 00000000 00:00 0 
7f43a8206000-7f43a8208000 r--p 00000000 08:01 8410949                    /usr/lib/jvm/java-11-openjdk-amd64/lib/libzip.so
7f43a8208000-7f43a820c000 r-xp 00002000 08:01 8410949                    /usr/lib/jvm/java-11-openjdk-amd64/lib/libzip.so
7f43a820c000-7f43a820e000 r--p 00006000 08:01 8410949                    /usr/lib/jvm/java-11-openjdk-amd64/lib/libzip.so
7f43a820e000-7f43a820f000 r--p 00007000 08:01 8410949                    /usr/lib/jvm/java-11-openjdk-amd64/lib/libzip.so
7f43a820f000-7f43a8210000 rw-p 00008000 08:01 8410949                    /usr/lib/jvm/java-11-openjdk-amd64/lib/libzip.so
7f43a8210000-7f43a821e000 r--p 00000000 08:01 8410928                    /usr/lib/jvm/java-11-openjdk-amd64/lib/libjava.so
7f43a821e000-7f43a8233000 r-xp 0000e000 08:01 8410928                    /usr/lib/jvm/java-11-openjdk-amd64/lib/libjava.so
7f43a8233000-7f43a823a000 r--p 00023000 08:01 8410928                    /usr/lib/jvm/java-11-openjdk-amd64/lib/libjava.so
7f43a823a000-7f43a823b000 r--p 00029000 08:01 8410928                    /usr/lib/jvm/java-11-openjdk-amd64/lib/libjava.so
7f43a823b000-7f43a823c000 rw-p 0002a000 08:01 8410928                    /usr/lib/jvm/java-11-openjdk-amd64/lib/libjava.so
7f43a823c000-7f43a823d000 rw-p 00000000 00:00 0 
7f43a823d000-7f43a823f000 r--p 00000000 08:01 7340731                    /usr/lib/x86_64-linux-gnu/librt-2.28.so
7f43a823f000-7f43a8243000 r-xp 00002000 08:01 7340731                    /usr/lib/x86_64-linux-gnu/librt-2.28.so
7f43a8243000-7f43a8245000 r--p 00006000 08:01 7340731                    /usr/lib/x86_64-linux-gnu/librt-2.28.so
7f43a8245000-7f43a8246000 r--p 00007000 08:01 7340731                    /usr/lib/x86_64-linux-gnu/librt-2.28.so
7f43a8246000-7f43a8247000 rw-p 00008000 08:01 7340731                    /usr/lib/x86_64-linux-gnu/librt-2.28.so
7f43a8247000-7f43a824b000 ---p 00000000 00:00 0 
7f43a824b000-7f43a8648000 rw-p 00000000 00:00 0 
7f43a8648000-7f43a864b000 r--p 00000000 08:01 7340046                    /usr/lib/x86_64-linux-gnu/libgcc_s.so.1
7f43a864b000-7f43a865c000 r-xp 00003000 08:01 7340046                    /usr/lib/x86_64-linux-gnu/libgcc_s.so.1
7f43a865c000-7f43a865f000 r--p 00014000 08:01 7340046                    /usr/lib/x86_64-linux-gnu/libgcc_s.so.1
7f43a865f000-7f43a8660000 ---p 00017000 08:01 7340046                    /usr/lib/x86_64-linux-gnu/libgcc_s.so.1
7f43a8660000-7f43a8661000 r--p 00017000 08:01 7340046                    /usr/lib/x86_64-linux-gnu/libgcc_s.so.1
7f43a8661000-7f43a8662000 rw-p 00018000 08:01 7340046                    /usr/lib/x86_64-linux-gnu/libgcc_s.so.1
7f43a8662000-7f43a866f000 r--p 00000000 08:01 7340714                    /usr/lib/x86_64-linux-gnu/libm-2.28.so
7f43a866f000-7f43a870e000 r-xp 0000d000 08:01 7340714                    /usr/lib/x86_64-linux-gnu/libm-2.28.so
7f43a870e000-7f43a87e3000 r--p 000ac000 08:01 7340714                    /usr/lib/x86_64-linux-gnu/libm-2.28.so
7f43a87e3000-7f43a87e4000 r--p 00180000 08:01 7340714                    /usr/lib/x86_64-linux-gnu/libm-2.28.so
7f43a87e4000-7f43a87e5000 rw-p 00181000 08:01 7340714                    /usr/lib/x86_64-linux-gnu/libm-2.28.so
7f43a87e5000-7f43a886e000 r--p 00000000 08:01 7340305                    /usr/lib/x86_64-linux-gnu/libstdc++.so.6.0.25
7f43a886e000-7f43a891a000 r-xp 00089000 08:01 7340305                    /usr/lib/x86_64-linux-gnu/libstdc++.so.6.0.25
7f43a891a000-7f43a8958000 r--p 00135000 08:01 7340305                    /usr/lib/x86_64-linux-gnu/libstdc++.so.6.0.25
7f43a8958000-7f43a8959000 ---p 00173000 08:01 7340305                    /usr/lib/x86_64-linux-gnu/libstdc++.so.6.0.25
7f43a8959000-7f43a8963000 r--p 00173000 08:01 7340305                    /usr/lib/x86_64-linux-gnu/libstdc++.so.6.0.25
7f43a8963000-7f43a8965000 rw-p 0017d000 08:01 7340305                    /usr/lib/x86_64-linux-gnu/libstdc++.so.6.0.25
7f43a8965000-7f43a8969000 rw-p 00000000 00:00 0 
7f43a8969000-7f43a8be2000 r--p 00000000 08:01 8410953                    /usr/lib/jvm/java-11-openjdk-amd64/lib/server/libjvm.so
7f43a8be2000-7f43a97f3000 r-xp 00279000 08:01 8410953                    /usr/lib/jvm/java-11-openjdk-amd64/lib/server/libjvm.so
7f43a97f3000-7f43a9a4a000 r--p 00e8a000 08:01 8410953                    /usr/lib/jvm/java-11-openjdk-amd64/lib/server/libjvm.so
7f43a9a4a000-7f43a9b0b000 r--p 010e0000 08:01 8410953                    /usr/lib/jvm/java-11-openjdk-amd64/lib/server/libjvm.so
7f43a9b0b000-7f43a9b46000 rw-p 011a1000 08:01 8410953                    /usr/lib/jvm/java-11-openjdk-amd64/lib/server/libjvm.so
7f43a9b46000-7f43a9b9f000 rw-p 00000000 00:00 0 
7f43a9b9f000-7f43a9bc1000 r--p 00000000 08:01 7340711                    /usr/lib/x86_64-linux-gnu/libc-2.28.so
7f43a9bc1000-7f43a9d09000 r-xp 00022000 08:01 7340711                    /usr/lib/x86_64-linux-gnu/libc-2.28.so
7f43a9d09000-7f43a9d55000 r--p 0016a000 08:01 7340711                    /usr/lib/x86_64-linux-gnu/libc-2.28.so
7f43a9d55000-7f43a9d56000 ---p 001b6000 08:01 7340711                    /usr/lib/x86_64-linux-gnu/libc-2.28.so
7f43a9d56000-7f43a9d5a000 r--p 001b6000 08:01 7340711                    /usr/lib/x86_64-linux-gnu/libc-2.28.so
7f43a9d5a000-7f43a9d5c000 rw-p 001ba000 08:01 7340711                    /usr/lib/x86_64-linux-gnu/libc-2.28.so
7f43a9d5c000-7f43a9d60000 rw-p 00000000 00:00 0 
7f43a9d60000-7f43a9d61000 r--p 00000000 08:01 7340713                    /usr/lib/x86_64-linux-gnu/libdl-2.28.so
7f43a9d61000-7f43a9d62000 r-xp 00001000 08:01 7340713                    /usr/lib/x86_64-linux-gnu/libdl-2.28.so
7f43a9d62000-7f43a9d63000 r--p 00002000 08:01 7340713                    /usr/lib/x86_64-linux-gnu/libdl-2.28.so
7f43a9d63000-7f43a9d64000 r--p 00002000 08:01 7340713                    /usr/lib/x86_64-linux-gnu/libdl-2.28.so
7f43a9d64000-7f43a9d65000 rw-p 00003000 08:01 7340713                    /usr/lib/x86_64-linux-gnu/libdl-2.28.so
7f43a9d65000-7f43a9d68000 r--p 00000000 08:01 8410912                    /usr/lib/jvm/java-11-openjdk-amd64/lib/jli/libjli.so
7f43a9d68000-7f43a9d72000 r-xp 00003000 08:01 8410912                    /usr/lib/jvm/java-11-openjdk-amd64/lib/jli/libjli.so
7f43a9d72000-7f43a9d75000 r--p 0000d000 08:01 8410912                    /usr/lib/jvm/java-11-openjdk-amd64/lib/jli/libjli.so
7f43a9d75000-7f43a9d76000 ---p 00010000 08:01 8410912                    /usr/lib/jvm/java-11-openjdk-amd64/lib/jli/libjli.so
7f43a9d76000-7f43a9d77000 r--p 00010000 08:01 8410912                    /usr/lib/jvm/java-11-openjdk-amd64/lib/jli/libjli.so
7f43a9d77000-7f43a9d78000 rw-p 00011000 08:01 8410912                    /usr/lib/jvm/java-11-openjdk-amd64/lib/jli/libjli.so
7f43a9d78000-7f43a9d7e000 r--p 00000000 08:01 7340729                    /usr/lib/x86_64-linux-gnu/libpthread-2.28.so
7f43a9d7e000-7f43a9d8d000 r-xp 00006000 08:01 7340729                    /usr/lib/x86_64-linux-gnu/libpthread-2.28.so
7f43a9d8d000-7f43a9d93000 r--p 00015000 08:01 7340729                    /usr/lib/x86_64-linux-gnu/libpthread-2.28.so
7f43a9d93000-7f43a9d94000 r--p 0001a000 08:01 7340729                    /usr/lib/x86_64-linux-gnu/libpthread-2.28.so
7f43a9d94000-7f43a9d95000 rw-p 0001b000 08:01 7340729                    /usr/lib/x86_64-linux-gnu/libpthread-2.28.so
7f43a9d95000-7f43a9d99000 rw-p 00000000 00:00 0 
7f43a9d99000-7f43a9db5000 r-xp 00000000 08:01 7342287                    /usr/lib/x86_64-linux-gnu/libz.so.1.2.11
7f43a9db5000-7f43a9fb5000 ---p 0001c000 08:01 7342287                    /usr/lib/x86_64-linux-gnu/libz.so.1.2.11
7f43a9fb5000-7f43a9fb6000 r--p 0001c000 08:01 7342287                    /usr/lib/x86_64-linux-gnu/libz.so.1.2.11
7f43a9fb6000-7f43a9fb7000 rw-p 0001d000 08:01 7342287                    /usr/lib/x86_64-linux-gnu/libz.so.1.2.11
7f43a9fb7000-7f43a9fb9000 rw-p 00000000 00:00 0 
7f43a9fb9000-7f43a9fbb000 r--s 00007000 08:01 8003583                    /usr/share/java/java-atk-wrapper.jar
7f43a9fbb000-7f43a9fc3000 rw-s 00000000 08:01 2359756                    /tmp/hsperfdata_tobias/14078
7f43a9fc3000-7f43a9fc4000 ---p 00000000 00:00 0 
7f43a9fc4000-7f43a9fc5000 r--p 00000000 00:00 0 
7f43a9fc5000-7f43a9fc7000 r--p 00000000 08:01 8410932                    /usr/lib/jvm/java-11-openjdk-amd64/lib/libjimage.so
7f43a9fc7000-7f43a9fca000 r-xp 00002000 08:01 8410932                    /usr/lib/jvm/java-11-openjdk-amd64/lib/libjimage.so
7f43a9fca000-7f43a9fcc000 r--p 00005000 08:01 8410932                    /usr/lib/jvm/java-11-openjdk-amd64/lib/libjimage.so
7f43a9fcc000-7f43a9fcd000 r--p 00006000 08:01 8410932                    /usr/lib/jvm/java-11-openjdk-amd64/lib/libjimage.so
7f43a9fcd000-7f43a9fce000 rw-p 00007000 08:01 8410932                    /usr/lib/jvm/java-11-openjdk-amd64/lib/libjimage.so
7f43a9fce000-7f43a9fd3000 r--p 00000000 08:01 8410948                    /usr/lib/jvm/java-11-openjdk-amd64/lib/libverify.so
7f43a9fd3000-7f43a9fda000 r-xp 00005000 08:01 8410948                    /usr/lib/jvm/java-11-openjdk-amd64/lib/libverify.so
7f43a9fda000-7f43a9fdc000 r--p 0000c000 08:01 8410948                    /usr/lib/jvm/java-11-openjdk-amd64/lib/libverify.so
7f43a9fdc000-7f43a9fde000 r--p 0000d000 08:01 8410948                    /usr/lib/jvm/java-11-openjdk-amd64/lib/libverify.so
7f43a9fde000-7f43a9fdf000 rw-p 0000f000 08:01 8410948                    /usr/lib/jvm/java-11-openjdk-amd64/lib/libverify.so
7f43a9fdf000-7f43a9fe0000 r--p 00000000 08:01 7340048                    /usr/lib/x86_64-linux-gnu/ld-2.28.so
7f43a9fe0000-7f43a9ffe000 r-xp 00001000 08:01 7340048                    /usr/lib/x86_64-linux-gnu/ld-2.28.so
7f43a9ffe000-7f43aa006000 r--p 0001f000 08:01 7340048                    /usr/lib/x86_64-linux-gnu/ld-2.28.so
7f43aa006000-7f43aa007000 r--p 00026000 08:01 7340048                    /usr/lib/x86_64-linux-gnu/ld-2.28.so
7f43aa007000-7f43aa008000 rw-p 00027000 08:01 7340048                    /usr/lib/x86_64-linux-gnu/ld-2.28.so
7f43aa008000-7f43aa009000 rw-p 00000000 00:00 0 
7fff3dd28000-7fff3dd49000 rw-p 00000000 00:00 0                          [stack]
7fff3dd91000-7fff3dd94000 r--p 00000000 00:00 0                          [vvar]
7fff3dd94000-7fff3dd96000 r-xp 00000000 00:00 0                          [vdso]


VM Arguments:
jvm_args: -Dfile.encoding=UTF-8 -Xms1024m -Xmx1024m -Xss4M -XX:ReservedCodeCacheSize=128m 
java_command: /usr/share/sbt/bin/java9-rt-export.jar /rt.jar
java_class_path (initial): /usr/share/sbt/bin/java9-rt-export.jar
Launcher Type: SUN_STANDARD

[Global flags]
     intx CICompilerCount                          = 3                                         {product} {ergonomic}
     uint ConcGCThreads                            = 1                                         {product} {ergonomic}
     uint G1ConcRefinementThreads                  = 4                                         {product} {ergonomic}
   size_t G1HeapRegionSize                         = 1048576                                   {product} {ergonomic}
    uintx GCDrainStackTargetSize                   = 64                                        {product} {ergonomic}
   size_t InitialHeapSize                          = 1073741824                                {product} {command line}
   size_t MarkStackSize                            = 4194304                                   {product} {ergonomic}
   size_t MaxHeapSize                              = 1073741824                                {product} {command line}
   size_t MinHeapDeltaBytes                        = 1048576                                   {product} {ergonomic}
    uintx NonProfiledCodeHeapSize                  = 0                                      {pd product} {ergonomic}
    uintx ProfiledCodeHeapSize                     = 0                                      {pd product} {ergonomic}
    uintx ReservedCodeCacheSize                    = 134217728                              {pd product} {command line}
     intx ThreadStackSize                          = 4096                                   {pd product} {command line}
     bool UseCompressedClassPointers               = true                                 {lp64_product} {ergonomic}
     bool UseCompressedOops                        = true                                 {lp64_product} {ergonomic}
     bool UseG1GC                                  = true                                      {product} {ergonomic}

Logging:
Log output configuration:
 #0: stdout all=warning uptime,level,tags
 #1: stderr all=off uptime,level,tags

Environment Variables:
PATH=/home/tobias/.local/bin:/usr/local/bin:/usr/bin:/bin:/usr/local/games:/usr/games:/snap/bin:/home/tobias/.dotnet/tools:/opt/thinlinc/bin
SHELL=/bin/bash
DISPLAY=:0
LANG=en_US.UTF-8

Signal Handlers:
SIGSEGV: [libjvm.so+0xe170c0], sa_mask[0]=11111111011111111101111111111110, sa_flags=SA_RESTART|SA_SIGINFO
SIGBUS: [libjvm.so+0xe170c0], sa_mask[0]=11111111011111111101111111111110, sa_flags=SA_RESTART|SA_SIGINFO
SIGFPE: [libjvm.so+0xe170c0], sa_mask[0]=11111111011111111101111111111110, sa_flags=SA_RESTART|SA_SIGINFO
SIGPIPE: [libjvm.so+0xb6c750], sa_mask[0]=11111111011111111101111111111110, sa_flags=SA_RESTART|SA_SIGINFO
SIGXFSZ: [libjvm.so+0xb6c750], sa_mask[0]=11111111011111111101111111111110, sa_flags=SA_RESTART|SA_SIGINFO
SIGILL: [libjvm.so+0xe170c0], sa_mask[0]=11111111011111111101111111111110, sa_flags=SA_RESTART|SA_SIGINFO
SIGUSR2: [libjvm.so+0xb6c5e0], sa_mask[0]=00100000000000000000000000000000, sa_flags=SA_RESTART|SA_SIGINFO
SIGHUP: SIG_DFL, sa_mask[0]=00000000000000000000000000000000, sa_flags=none
SIGINT: SIG_DFL, sa_mask[0]=00000000000000000000000000000000, sa_flags=none
SIGTERM: SIG_DFL, sa_mask[0]=00000000000000000000000000000000, sa_flags=none
SIGQUIT: SIG_DFL, sa_mask[0]=00000000000000000000000000000000, sa_flags=none


---------------  S Y S T E M  ---------------

OS:PRETTY_NAME="Debian GNU/Linux 10 (buster)"
NAME="Debian GNU/Linux"
VERSION_ID="10"
VERSION="10 (buster)"
VERSION_CODENAME=buster
ID=debian
HOME_URL="https://www.debian.org/"
SUPPORT_URL="https://www.debian.org/support"
BUG_REPORT_URL="https://bugs.debian.org/"
uname:Linux 4.19.0-14-amd64 #1 SMP Debian 4.19.171-2 (2021-01-30) x86_64
OS uptime: 0 days 2:51 hours
libc:glibc 2.28 NPTL 2.28 
rlimit (soft/hard): STACK 8192k/infinity , CORE 0k/infinity , NPROC 14429/14429 , NOFILE 1048576/1048576 , AS infinity/infinity , CPU infinity/infinity , DATA infinity/infinity , FSIZE infinity/infinity , MEMLOCK infinity/infinity
load average:1.31 2.19 2.02

/proc/meminfo:
MemTotal:        3733672 kB
MemFree:          114088 kB
MemAvailable:     249164 kB
Buffers:           20236 kB
Cached:           848384 kB
SwapCached:        44708 kB
Active:          2474588 kB
Inactive:         837472 kB
Active(anon):    2313624 kB
Inactive(anon):   689572 kB
Active(file):     160964 kB
Inactive(file):   147900 kB
Unevictable:          80 kB
Mlocked:              80 kB
SwapTotal:       3881980 kB
SwapFree:         637328 kB
Dirty:             14624 kB
Writeback:             0 kB
AnonPages:       2399252 kB
Mapped:           363716 kB
Shmem:            561008 kB
Slab:             164000 kB
SReclaimable:      58144 kB
SUnreclaim:       105856 kB
KernelStack:       18624 kB
PageTables:        49232 kB
NFS_Unstable:          0 kB
Bounce:                0 kB
WritebackTmp:          0 kB
CommitLimit:     5748816 kB
Committed_AS:   13205112 kB
VmallocTotal:   34359738367 kB
VmallocUsed:           0 kB
VmallocChunk:          0 kB
Percpu:             3360 kB
HardwareCorrupted:     0 kB
AnonHugePages:    172032 kB
ShmemHugePages:        0 kB
ShmemPmdMapped:        0 kB
HugePages_Total:       0
HugePages_Free:        0
HugePages_Rsvd:        0
HugePages_Surp:        0
Hugepagesize:       2048 kB
Hugetlb:               0 kB
DirectMap4k:      217444 kB
DirectMap2M:     3665920 kB
DirectMap1G:           0 kB

/sys/kernel/mm/transparent_hugepage/enabled:
[always] madvise never
/sys/kernel/mm/transparent_hugepage/defrag (defrag/compaction efforts parameter):
always defer defer+madvise [madvise] never

/proc/sys/kernel/threads-max (system-wide limit on the number of threads):
28858
/proc/sys/vm/max_map_count (maximum number of memory map areas a process may have):
65530
/proc/sys/kernel/pid_max (system-wide limit on number of process identifiers):
32768

container (cgroup) information:
container_type: cgroupv1
cpu_cpuset_cpus: 0-3
cpu_memory_nodes: 0
active_processor_count: 4
cpu_quota: -1
cpu_period: 100000
cpu_shares: -1
memory_limit_in_bytes: -1
memory_and_swap_limit_in_bytes: -2
memory_soft_limit_in_bytes: -1
memory_usage_in_bytes: 3303682048
memory_max_usage_in_bytes: 3413344256

Steal ticks since vm start: 0
Steal ticks percentage since vm start:  0.000

CPU:total 4 (initial active 4) (2 cores per cpu, 2 threads per core) family 6 model 61 stepping 4, cmov, cx8, fxsr, mmx, sse, sse2, sse3, ssse3, sse4.1, sse4.2, popcnt, avx, avx2, aes, clmul, erms, rtm, 3dnowpref, lzcnt, ht, tsc, tscinvbit, bmi1, bmi2, adx, fma
CPU Model and flags from /proc/cpuinfo:
model name	: Intel(R) Core(TM) i5-5300U CPU @ 2.30GHz
flags		: fpu vme de pse tsc msr pae mce cx8 apic sep mtrr pge mca cmov pat pse36 clflush dts acpi mmx fxsr sse sse2 ss ht tm pbe syscall nx pdpe1gb rdtscp lm constant_tsc arch_perfmon pebs bts rep_good nopl xtopology nonstop_tsc cpuid aperfmperf pni pclmulqdq dtes64 monitor ds_cpl vmx smx est tm2 ssse3 sdbg fma cx16 xtpr pdcm pcid sse4_1 sse4_2 x2apic movbe popcnt tsc_deadline_timer aes xsave avx f16c rdrand lahf_lm abm 3dnowprefetch cpuid_fault epb invpcid_single pti ibrs ibpb stibp tpr_shadow vnmi flexpriority ept vpid ept_ad fsgsbase tsc_adjust bmi1 hle avx2 smep bmi2 erms invpcid rtm rdseed adx smap intel_pt xsaveopt dtherm ida arat pln pts
Online cpus:
0-3
Offline cpus:
4-7
BIOS frequency limitation:
<Not Available>
Frequency switch latency (ns):
0
Available cpu frequencies:
<Not Available>
Current governor:
powersave
Core performance/turbo boost:
<Not Available>

Memory: 4k page, physical 3733672k(114088k free), swap 3881980k(637328k free)

vm_info: OpenJDK 64-Bit Server VM (11.0.9.1+1-post-Debian-1deb10u2) for linux-amd64 JRE (11.0.9.1+1-post-Debian-1deb10u2), built on Nov 28 2020 17:42:37 by "unknown" with gcc 8.3.0

END.
