#
# There is insufficient memory for the Java Runtime Environment to continue.
# Native memory allocation (mmap) failed to map 1073741824 bytes for committing reserved memory.
# Possible reasons:
#   The system is out of physical RAM or swap space
#   The process is running with CompressedOops enabled, and the Java Heap may be blocking the growth of the native heap
# Possible solutions:
#   Reduce memory load on the system
#   Increase physical memory or swap space
#   Check if swap backing store is full
#   Decrease Java heap size (-Xmx/-Xms)
#   Decrease number of Java threads
#   Decrease Java thread stack sizes (-Xss)
#   Set larger code cache with -XX:ReservedCodeCacheSize=
# This output file may be truncated or incomplete.
#
#  Out of Memory Error (os_linux.cpp:2922), pid=24921, tid=24922
#
# JRE version:  (11.0.9.1+1) (build )
# Java VM: OpenJDK 64-Bit Server VM (11.0.9.1+1-post-Debian-1deb10u2, mixed mode, sharing, tiered, compressed oops, g1 gc, linux-amd64)
# No core dump will be written. Core dumps have been disabled. To enable core dumping, try "ulimit -c unlimited" before starting Java again
#

---------------  S U M M A R Y ------------

Command Line: -Dfile.encoding=UTF-8 -Xms1024m -Xmx1024m -Xss4M -XX:ReservedCodeCacheSize=128m /usr/share/sbt/bin/java9-rt-export.jar /rt.jar

Host: Intel(R) Core(TM) i5-5300U CPU @ 2.30GHz, 4 cores, 3G, Debian GNU/Linux 10 (buster)
Time: Fri May 21 13:38:24 2021 CEST elapsed time: 0.003701 seconds (0d 0h 0m 0s)

---------------  T H R E A D  ---------------

Current thread (0x00007ffbbc016000):  JavaThread "Unknown thread" [_thread_in_vm, id=24922, stack(0x00007ffbc30b7000,0x00007ffbc34b8000)]

Stack: [0x00007ffbc30b7000,0x00007ffbc34b8000],  sp=0x00007ffbc34b6230,  free space=4092k
Native frames: (J=compiled Java code, A=aot compiled Java code, j=interpreted, Vv=VM code, C=native code)
V  [libjvm.so+0xe163aa]
V  [libjvm.so+0xe1706b]
V  [libjvm.so+0x649af5]
V  [libjvm.so+0xb715f8]
V  [libjvm.so+0xb67f1d]
V  [libjvm.so+0x761b1f]
V  [libjvm.so+0x761ece]
V  [libjvm.so+0x76b556]
V  [libjvm.so+0x7e3364]
V  [libjvm.so+0x7e3f70]
V  [libjvm.so+0x7e4397]
V  [libjvm.so+0x71f790]
V  [libjvm.so+0x71fe91]
V  [libjvm.so+0xdd9bc2]
V  [libjvm.so+0xdd9e86]
V  [libjvm.so+0x803227]
V  [libjvm.so+0xdb368a]
V  [libjvm.so+0x8a5f71]  JNI_CreateJavaVM+0x51
C  [libjli.so+0x4868]
C  [libjli.so+0x95cd]


---------------  P R O C E S S  ---------------

Threads class SMR info:
_java_thread_list=0x0000555b329b73e0, length=0, elements={
}

Java Threads: ( => current thread )

Other Threads:
  0x00007ffbbc02d800 GCTaskThread "GC Thread#0" [stack: 0x00007ffbc2e44000,0x00007ffbc2f44000] [id=24923]
  0x00007ffbbc049800 ConcurrentGCThread "G1 Main Marker" [stack: 0x00007ffbc031b000,0x00007ffbc041b000] [id=24924]
  0x00007ffbbc04b800 ConcurrentGCThread "G1 Conc#0" [stack: 0x00007ffbc0219000,0x00007ffbc0319000] [id=24925]

[error occurred during error reporting (printing all threads), id 0xb, SIGSEGV (0xb) at pc=0x00007ffbc3f12080]

VM state:not at safepoint (not fully initialized)

VM Mutex/Monitor currently owned by a thread:  ([mutex/lock_event])
[0x00007ffbbc0138a0] Heap_lock - owner thread: 0x00007ffbbc016000

Heap address: 0x00000000c0000000, size: 1024 MB, Compressed Oops mode: Non-zero based: 0x00000000c0000000
Narrow klass base: 0x0000000000000000, Narrow klass shift: 0

GC Heap History (0 events):
No events

Deoptimization events (0 events):
No events

Classes redefined (0 events):
No events

Internal exceptions (0 events):
No events

Events (2 events):
Event: 0.002 Protecting memory [0x00007ffbc30b7000,0x00007ffbc30bb000] with protection modes 0
Event: 0.002 Loaded shared library /usr/lib/jvm/java-11-openjdk-amd64/lib/libzip.so


Dynamic libraries:
555b3128c000-555b3128d000 r--p 00000000 08:01 8408627                    /usr/lib/jvm/java-11-openjdk-amd64/bin/java
555b3128d000-555b3128e000 r-xp 00001000 08:01 8408627                    /usr/lib/jvm/java-11-openjdk-amd64/bin/java
555b3128e000-555b3128f000 r--p 00002000 08:01 8408627                    /usr/lib/jvm/java-11-openjdk-amd64/bin/java
555b3128f000-555b31290000 r--p 00002000 08:01 8408627                    /usr/lib/jvm/java-11-openjdk-amd64/bin/java
555b31290000-555b31291000 rw-p 00003000 08:01 8408627                    /usr/lib/jvm/java-11-openjdk-amd64/bin/java
555b3299f000-555b329c0000 rw-p 00000000 00:00 0                          [heap]
7ffb9c000000-7ffb9c021000 rw-p 00000000 00:00 0 
7ffb9c021000-7ffba0000000 ---p 00000000 00:00 0 
7ffba0000000-7ffba0021000 rw-p 00000000 00:00 0 
7ffba0021000-7ffba4000000 ---p 00000000 00:00 0 
7ffba4000000-7ffba4021000 rw-p 00000000 00:00 0 
7ffba4021000-7ffba8000000 ---p 00000000 00:00 0 
7ffba9697000-7ffbab899000 rw-p 00000000 00:00 0 
7ffbab899000-7ffbabb09000 rwxp 00000000 00:00 0 
7ffbabb09000-7ffbb3899000 ---p 00000000 00:00 0 
7ffbb3899000-7ffbbc000000 r--s 00000000 08:01 8410950                    /usr/lib/jvm/java-11-openjdk-amd64/lib/modules
7ffbbc000000-7ffbbc066000 rw-p 00000000 00:00 0 
7ffbbc066000-7ffbc0000000 ---p 00000000 00:00 0 
7ffbc0015000-7ffbc0217000 rw-p 00000000 00:00 0 
7ffbc0217000-7ffbc0218000 ---p 00000000 00:00 0 
7ffbc0218000-7ffbc0319000 rw-p 00000000 00:00 0 
7ffbc0319000-7ffbc031a000 ---p 00000000 00:00 0 
7ffbc031a000-7ffbc043e000 rw-p 00000000 00:00 0 
7ffbc043e000-7ffbc2a3e000 ---p 00000000 00:00 0 
7ffbc2a3e000-7ffbc2e42000 rw-p 00000000 00:00 0 
7ffbc2e42000-7ffbc2e43000 ---p 00000000 00:00 0 
7ffbc2e43000-7ffbc2f49000 rw-p 00000000 00:00 0 
7ffbc2f49000-7ffbc3044000 ---p 00000000 00:00 0 
7ffbc3044000-7ffbc3047000 r--p 00000000 08:01 7340723                    /usr/lib/x86_64-linux-gnu/libnss_files-2.28.so
7ffbc3047000-7ffbc304e000 r-xp 00003000 08:01 7340723                    /usr/lib/x86_64-linux-gnu/libnss_files-2.28.so
7ffbc304e000-7ffbc3050000 r--p 0000a000 08:01 7340723                    /usr/lib/x86_64-linux-gnu/libnss_files-2.28.so
7ffbc3050000-7ffbc3051000 ---p 0000c000 08:01 7340723                    /usr/lib/x86_64-linux-gnu/libnss_files-2.28.so
7ffbc3051000-7ffbc3052000 r--p 0000c000 08:01 7340723                    /usr/lib/x86_64-linux-gnu/libnss_files-2.28.so
7ffbc3052000-7ffbc3053000 rw-p 0000d000 08:01 7340723                    /usr/lib/x86_64-linux-gnu/libnss_files-2.28.so
7ffbc3053000-7ffbc3059000 rw-p 00000000 00:00 0 
7ffbc3076000-7ffbc3078000 r--p 00000000 08:01 8410949                    /usr/lib/jvm/java-11-openjdk-amd64/lib/libzip.so
7ffbc3078000-7ffbc307c000 r-xp 00002000 08:01 8410949                    /usr/lib/jvm/java-11-openjdk-amd64/lib/libzip.so
7ffbc307c000-7ffbc307e000 r--p 00006000 08:01 8410949                    /usr/lib/jvm/java-11-openjdk-amd64/lib/libzip.so
7ffbc307e000-7ffbc307f000 r--p 00007000 08:01 8410949                    /usr/lib/jvm/java-11-openjdk-amd64/lib/libzip.so
7ffbc307f000-7ffbc3080000 rw-p 00008000 08:01 8410949                    /usr/lib/jvm/java-11-openjdk-amd64/lib/libzip.so
7ffbc3080000-7ffbc308e000 r--p 00000000 08:01 8410928                    /usr/lib/jvm/java-11-openjdk-amd64/lib/libjava.so
7ffbc308e000-7ffbc30a3000 r-xp 0000e000 08:01 8410928                    /usr/lib/jvm/java-11-openjdk-amd64/lib/libjava.so
7ffbc30a3000-7ffbc30aa000 r--p 00023000 08:01 8410928                    /usr/lib/jvm/java-11-openjdk-amd64/lib/libjava.so
7ffbc30aa000-7ffbc30ab000 r--p 00029000 08:01 8410928                    /usr/lib/jvm/java-11-openjdk-amd64/lib/libjava.so
7ffbc30ab000-7ffbc30ac000 rw-p 0002a000 08:01 8410928                    /usr/lib/jvm/java-11-openjdk-amd64/lib/libjava.so
7ffbc30ac000-7ffbc30ad000 rw-p 00000000 00:00 0 
7ffbc30ad000-7ffbc30af000 r--p 00000000 08:01 7340731                    /usr/lib/x86_64-linux-gnu/librt-2.28.so
7ffbc30af000-7ffbc30b3000 r-xp 00002000 08:01 7340731                    /usr/lib/x86_64-linux-gnu/librt-2.28.so
7ffbc30b3000-7ffbc30b5000 r--p 00006000 08:01 7340731                    /usr/lib/x86_64-linux-gnu/librt-2.28.so
7ffbc30b5000-7ffbc30b6000 r--p 00007000 08:01 7340731                    /usr/lib/x86_64-linux-gnu/librt-2.28.so
7ffbc30b6000-7ffbc30b7000 rw-p 00008000 08:01 7340731                    /usr/lib/x86_64-linux-gnu/librt-2.28.so
7ffbc30b7000-7ffbc30bb000 ---p 00000000 00:00 0 
7ffbc30bb000-7ffbc34b8000 rw-p 00000000 00:00 0 
7ffbc34b8000-7ffbc34bb000 r--p 00000000 08:01 7340046                    /usr/lib/x86_64-linux-gnu/libgcc_s.so.1
7ffbc34bb000-7ffbc34cc000 r-xp 00003000 08:01 7340046                    /usr/lib/x86_64-linux-gnu/libgcc_s.so.1
7ffbc34cc000-7ffbc34cf000 r--p 00014000 08:01 7340046                    /usr/lib/x86_64-linux-gnu/libgcc_s.so.1
7ffbc34cf000-7ffbc34d0000 ---p 00017000 08:01 7340046                    /usr/lib/x86_64-linux-gnu/libgcc_s.so.1
7ffbc34d0000-7ffbc34d1000 r--p 00017000 08:01 7340046                    /usr/lib/x86_64-linux-gnu/libgcc_s.so.1
7ffbc34d1000-7ffbc34d2000 rw-p 00018000 08:01 7340046                    /usr/lib/x86_64-linux-gnu/libgcc_s.so.1
7ffbc34d2000-7ffbc34df000 r--p 00000000 08:01 7340714                    /usr/lib/x86_64-linux-gnu/libm-2.28.so
7ffbc34df000-7ffbc357e000 r-xp 0000d000 08:01 7340714                    /usr/lib/x86_64-linux-gnu/libm-2.28.so
7ffbc357e000-7ffbc3653000 r--p 000ac000 08:01 7340714                    /usr/lib/x86_64-linux-gnu/libm-2.28.so
7ffbc3653000-7ffbc3654000 r--p 00180000 08:01 7340714                    /usr/lib/x86_64-linux-gnu/libm-2.28.so
7ffbc3654000-7ffbc3655000 rw-p 00181000 08:01 7340714                    /usr/lib/x86_64-linux-gnu/libm-2.28.so
7ffbc3655000-7ffbc36de000 r--p 00000000 08:01 7340305                    /usr/lib/x86_64-linux-gnu/libstdc++.so.6.0.25
7ffbc36de000-7ffbc378a000 r-xp 00089000 08:01 7340305                    /usr/lib/x86_64-linux-gnu/libstdc++.so.6.0.25
7ffbc378a000-7ffbc37c8000 r--p 00135000 08:01 7340305                    /usr/lib/x86_64-linux-gnu/libstdc++.so.6.0.25
7ffbc37c8000-7ffbc37c9000 ---p 00173000 08:01 7340305                    /usr/lib/x86_64-linux-gnu/libstdc++.so.6.0.25
7ffbc37c9000-7ffbc37d3000 r--p 00173000 08:01 7340305                    /usr/lib/x86_64-linux-gnu/libstdc++.so.6.0.25
7ffbc37d3000-7ffbc37d5000 rw-p 0017d000 08:01 7340305                    /usr/lib/x86_64-linux-gnu/libstdc++.so.6.0.25
7ffbc37d5000-7ffbc37d9000 rw-p 00000000 00:00 0 
7ffbc37d9000-7ffbc3a52000 r--p 00000000 08:01 8410953                    /usr/lib/jvm/java-11-openjdk-amd64/lib/server/libjvm.so
7ffbc3a52000-7ffbc4663000 r-xp 00279000 08:01 8410953                    /usr/lib/jvm/java-11-openjdk-amd64/lib/server/libjvm.so
7ffbc4663000-7ffbc48ba000 r--p 00e8a000 08:01 8410953                    /usr/lib/jvm/java-11-openjdk-amd64/lib/server/libjvm.so
7ffbc48ba000-7ffbc497b000 r--p 010e0000 08:01 8410953                    /usr/lib/jvm/java-11-openjdk-amd64/lib/server/libjvm.so
7ffbc497b000-7ffbc49b6000 rw-p 011a1000 08:01 8410953                    /usr/lib/jvm/java-11-openjdk-amd64/lib/server/libjvm.so
7ffbc49b6000-7ffbc4a0f000 rw-p 00000000 00:00 0 
7ffbc4a0f000-7ffbc4a31000 r--p 00000000 08:01 7340711                    /usr/lib/x86_64-linux-gnu/libc-2.28.so
7ffbc4a31000-7ffbc4b79000 r-xp 00022000 08:01 7340711                    /usr/lib/x86_64-linux-gnu/libc-2.28.so
7ffbc4b79000-7ffbc4bc5000 r--p 0016a000 08:01 7340711                    /usr/lib/x86_64-linux-gnu/libc-2.28.so
7ffbc4bc5000-7ffbc4bc6000 ---p 001b6000 08:01 7340711                    /usr/lib/x86_64-linux-gnu/libc-2.28.so
7ffbc4bc6000-7ffbc4bca000 r--p 001b6000 08:01 7340711                    /usr/lib/x86_64-linux-gnu/libc-2.28.so
7ffbc4bca000-7ffbc4bcc000 rw-p 001ba000 08:01 7340711                    /usr/lib/x86_64-linux-gnu/libc-2.28.so
7ffbc4bcc000-7ffbc4bd0000 rw-p 00000000 00:00 0 
7ffbc4bd0000-7ffbc4bd1000 r--p 00000000 08:01 7340713                    /usr/lib/x86_64-linux-gnu/libdl-2.28.so
7ffbc4bd1000-7ffbc4bd2000 r-xp 00001000 08:01 7340713                    /usr/lib/x86_64-linux-gnu/libdl-2.28.so
7ffbc4bd2000-7ffbc4bd3000 r--p 00002000 08:01 7340713                    /usr/lib/x86_64-linux-gnu/libdl-2.28.so
7ffbc4bd3000-7ffbc4bd4000 r--p 00002000 08:01 7340713                    /usr/lib/x86_64-linux-gnu/libdl-2.28.so
7ffbc4bd4000-7ffbc4bd5000 rw-p 00003000 08:01 7340713                    /usr/lib/x86_64-linux-gnu/libdl-2.28.so
7ffbc4bd5000-7ffbc4bd8000 r--p 00000000 08:01 8410912                    /usr/lib/jvm/java-11-openjdk-amd64/lib/jli/libjli.so
7ffbc4bd8000-7ffbc4be2000 r-xp 00003000 08:01 8410912                    /usr/lib/jvm/java-11-openjdk-amd64/lib/jli/libjli.so
7ffbc4be2000-7ffbc4be5000 r--p 0000d000 08:01 8410912                    /usr/lib/jvm/java-11-openjdk-amd64/lib/jli/libjli.so
7ffbc4be5000-7ffbc4be6000 ---p 00010000 08:01 8410912                    /usr/lib/jvm/java-11-openjdk-amd64/lib/jli/libjli.so
7ffbc4be6000-7ffbc4be7000 r--p 00010000 08:01 8410912                    /usr/lib/jvm/java-11-openjdk-amd64/lib/jli/libjli.so
7ffbc4be7000-7ffbc4be8000 rw-p 00011000 08:01 8410912                    /usr/lib/jvm/java-11-openjdk-amd64/lib/jli/libjli.so
7ffbc4be8000-7ffbc4bee000 r--p 00000000 08:01 7340729                    /usr/lib/x86_64-linux-gnu/libpthread-2.28.so
7ffbc4bee000-7ffbc4bfd000 r-xp 00006000 08:01 7340729                    /usr/lib/x86_64-linux-gnu/libpthread-2.28.so
7ffbc4bfd000-7ffbc4c03000 r--p 00015000 08:01 7340729                    /usr/lib/x86_64-linux-gnu/libpthread-2.28.so
7ffbc4c03000-7ffbc4c04000 r--p 0001a000 08:01 7340729                    /usr/lib/x86_64-linux-gnu/libpthread-2.28.so
7ffbc4c04000-7ffbc4c05000 rw-p 0001b000 08:01 7340729                    /usr/lib/x86_64-linux-gnu/libpthread-2.28.so
7ffbc4c05000-7ffbc4c09000 rw-p 00000000 00:00 0 
7ffbc4c09000-7ffbc4c25000 r-xp 00000000 08:01 7342287                    /usr/lib/x86_64-linux-gnu/libz.so.1.2.11
7ffbc4c25000-7ffbc4e25000 ---p 0001c000 08:01 7342287                    /usr/lib/x86_64-linux-gnu/libz.so.1.2.11
7ffbc4e25000-7ffbc4e26000 r--p 0001c000 08:01 7342287                    /usr/lib/x86_64-linux-gnu/libz.so.1.2.11
7ffbc4e26000-7ffbc4e27000 rw-p 0001d000 08:01 7342287                    /usr/lib/x86_64-linux-gnu/libz.so.1.2.11
7ffbc4e27000-7ffbc4e29000 rw-p 00000000 00:00 0 
7ffbc4e2a000-7ffbc4e2c000 r--s 00007000 08:01 8003583                    /usr/share/java/java-atk-wrapper.jar
7ffbc4e2c000-7ffbc4e34000 rw-s 00000000 08:01 2490382                    /tmp/hsperfdata_tobias/24921
7ffbc4e34000-7ffbc4e35000 ---p 00000000 00:00 0 
7ffbc4e35000-7ffbc4e36000 r--p 00000000 00:00 0 
7ffbc4e36000-7ffbc4e38000 r--p 00000000 08:01 8410932                    /usr/lib/jvm/java-11-openjdk-amd64/lib/libjimage.so
7ffbc4e38000-7ffbc4e3b000 r-xp 00002000 08:01 8410932                    /usr/lib/jvm/java-11-openjdk-amd64/lib/libjimage.so
7ffbc4e3b000-7ffbc4e3d000 r--p 00005000 08:01 8410932                    /usr/lib/jvm/java-11-openjdk-amd64/lib/libjimage.so
7ffbc4e3d000-7ffbc4e3e000 r--p 00006000 08:01 8410932                    /usr/lib/jvm/java-11-openjdk-amd64/lib/libjimage.so
7ffbc4e3e000-7ffbc4e3f000 rw-p 00007000 08:01 8410932                    /usr/lib/jvm/java-11-openjdk-amd64/lib/libjimage.so
7ffbc4e3f000-7ffbc4e44000 r--p 00000000 08:01 8410948                    /usr/lib/jvm/java-11-openjdk-amd64/lib/libverify.so
7ffbc4e44000-7ffbc4e4b000 r-xp 00005000 08:01 8410948                    /usr/lib/jvm/java-11-openjdk-amd64/lib/libverify.so
7ffbc4e4b000-7ffbc4e4d000 r--p 0000c000 08:01 8410948                    /usr/lib/jvm/java-11-openjdk-amd64/lib/libverify.so
7ffbc4e4d000-7ffbc4e4f000 r--p 0000d000 08:01 8410948                    /usr/lib/jvm/java-11-openjdk-amd64/lib/libverify.so
7ffbc4e4f000-7ffbc4e50000 rw-p 0000f000 08:01 8410948                    /usr/lib/jvm/java-11-openjdk-amd64/lib/libverify.so
7ffbc4e50000-7ffbc4e51000 r--p 00000000 08:01 7340048                    /usr/lib/x86_64-linux-gnu/ld-2.28.so
7ffbc4e51000-7ffbc4e6f000 r-xp 00001000 08:01 7340048                    /usr/lib/x86_64-linux-gnu/ld-2.28.so
7ffbc4e6f000-7ffbc4e77000 r--p 0001f000 08:01 7340048                    /usr/lib/x86_64-linux-gnu/ld-2.28.so
7ffbc4e77000-7ffbc4e78000 r--p 00026000 08:01 7340048                    /usr/lib/x86_64-linux-gnu/ld-2.28.so
7ffbc4e78000-7ffbc4e79000 rw-p 00027000 08:01 7340048                    /usr/lib/x86_64-linux-gnu/ld-2.28.so
7ffbc4e79000-7ffbc4e7a000 rw-p 00000000 00:00 0 
7ffee17ea000-7ffee180b000 rw-p 00000000 00:00 0                          [stack]
7ffee19e4000-7ffee19e7000 r--p 00000000 00:00 0                          [vvar]
7ffee19e7000-7ffee19e9000 r-xp 00000000 00:00 0                          [vdso]


VM Arguments:
jvm_args: -Dfile.encoding=UTF-8 -Xms1024m -Xmx1024m -Xss4M -XX:ReservedCodeCacheSize=128m 
java_command: /usr/share/sbt/bin/java9-rt-export.jar /rt.jar
java_class_path (initial): /usr/share/sbt/bin/java9-rt-export.jar
Launcher Type: SUN_STANDARD

[Global flags]
     intx CICompilerCount                          = 3                                         {product} {ergonomic}
     uint ConcGCThreads                            = 1                                         {product} {ergonomic}
     uint G1ConcRefinementThreads                  = 4                                         {product} {ergonomic}
   size_t G1HeapRegionSize                         = 1048576                                   {product} {ergonomic}
    uintx GCDrainStackTargetSize                   = 64                                        {product} {ergonomic}
   size_t InitialHeapSize                          = 1073741824                                {product} {command line}
   size_t MarkStackSize                            = 4194304                                   {product} {ergonomic}
   size_t MaxHeapSize                              = 1073741824                                {product} {command line}
   size_t MinHeapDeltaBytes                        = 1048576                                   {product} {ergonomic}
    uintx NonProfiledCodeHeapSize                  = 0                                      {pd product} {ergonomic}
    uintx ProfiledCodeHeapSize                     = 0                                      {pd product} {ergonomic}
    uintx ReservedCodeCacheSize                    = 134217728                              {pd product} {command line}
     intx ThreadStackSize                          = 4096                                   {pd product} {command line}
     bool UseCompressedClassPointers               = true                                 {lp64_product} {ergonomic}
     bool UseCompressedOops                        = true                                 {lp64_product} {ergonomic}
     bool UseG1GC                                  = true                                      {product} {ergonomic}

Logging:
Log output configuration:
 #0: stdout all=warning uptime,level,tags
 #1: stderr all=off uptime,level,tags

Environment Variables:
PATH=/home/tobias/.local/bin:/usr/local/bin:/usr/bin:/bin:/usr/local/games:/usr/games:/snap/bin:/home/tobias/.dotnet/tools:/opt/thinlinc/bin
SHELL=/bin/bash
DISPLAY=:0
LANG=en_US.UTF-8

Signal Handlers:
SIGSEGV: [libjvm.so+0xe170c0], sa_mask[0]=11111111011111111101111111111110, sa_flags=SA_RESTART|SA_SIGINFO
SIGBUS: [libjvm.so+0xe170c0], sa_mask[0]=11111111011111111101111111111110, sa_flags=SA_RESTART|SA_SIGINFO
SIGFPE: [libjvm.so+0xe170c0], sa_mask[0]=11111111011111111101111111111110, sa_flags=SA_RESTART|SA_SIGINFO
SIGPIPE: [libjvm.so+0xb6c750], sa_mask[0]=11111111011111111101111111111110, sa_flags=SA_RESTART|SA_SIGINFO
SIGXFSZ: [libjvm.so+0xb6c750], sa_mask[0]=11111111011111111101111111111110, sa_flags=SA_RESTART|SA_SIGINFO
SIGILL: [libjvm.so+0xe170c0], sa_mask[0]=11111111011111111101111111111110, sa_flags=SA_RESTART|SA_SIGINFO
SIGUSR2: [libjvm.so+0xb6c5e0], sa_mask[0]=00100000000000000000000000000000, sa_flags=SA_RESTART|SA_SIGINFO
SIGHUP: SIG_DFL, sa_mask[0]=00000000000000000000000000000000, sa_flags=none
SIGINT: SIG_DFL, sa_mask[0]=00000000000000000000000000000000, sa_flags=none
SIGTERM: SIG_DFL, sa_mask[0]=00000000000000000000000000000000, sa_flags=none
SIGQUIT: SIG_DFL, sa_mask[0]=00000000000000000000000000000000, sa_flags=none


---------------  S Y S T E M  ---------------

OS:PRETTY_NAME="Debian GNU/Linux 10 (buster)"
NAME="Debian GNU/Linux"
VERSION_ID="10"
VERSION="10 (buster)"
VERSION_CODENAME=buster
ID=debian
HOME_URL="https://www.debian.org/"
SUPPORT_URL="https://www.debian.org/support"
BUG_REPORT_URL="https://bugs.debian.org/"
uname:Linux 4.19.0-14-amd64 #1 SMP Debian 4.19.171-2 (2021-01-30) x86_64
OS uptime: 0 days 19:10 hours
libc:glibc 2.28 NPTL 2.28 
rlimit (soft/hard): STACK 8192k/infinity , CORE 0k/infinity , NPROC 14429/14429 , NOFILE 1048576/1048576 , AS infinity/infinity , CPU infinity/infinity , DATA infinity/infinity , FSIZE infinity/infinity , MEMLOCK infinity/infinity
load average:2.56 3.53 2.76

/proc/meminfo:
MemTotal:        3733756 kB
MemFree:          128208 kB
MemAvailable:     229372 kB
Buffers:           15960 kB
Cached:           741484 kB
SwapCached:        57144 kB
Active:          2429820 kB
Inactive:         810820 kB
Active(anon):    2293164 kB
Inactive(anon):   672480 kB
Active(file):     136656 kB
Inactive(file):   138340 kB
Unevictable:          80 kB
Mlocked:              80 kB
SwapTotal:       3881980 kB
SwapFree:         216012 kB
Dirty:              1644 kB
Writeback:             0 kB
AnonPages:       2429184 kB
Mapped:           351476 kB
Shmem:            482524 kB
Slab:             176780 kB
SReclaimable:      57852 kB
SUnreclaim:       118928 kB
KernelStack:       22816 kB
PageTables:        79980 kB
NFS_Unstable:          0 kB
Bounce:                0 kB
WritebackTmp:          0 kB
CommitLimit:     5748856 kB
Committed_AS:   21471216 kB
VmallocTotal:   34359738367 kB
VmallocUsed:           0 kB
VmallocChunk:          0 kB
Percpu:             3072 kB
HardwareCorrupted:     0 kB
AnonHugePages:     79872 kB
ShmemHugePages:        0 kB
ShmemPmdMapped:        0 kB
HugePages_Total:       0
HugePages_Free:        0
HugePages_Rsvd:        0
HugePages_Surp:        0
Hugepagesize:       2048 kB
Hugetlb:               0 kB
DirectMap4k:      354660 kB
DirectMap2M:     3528704 kB
DirectMap1G:           0 kB

/sys/kernel/mm/transparent_hugepage/enabled:
[always] madvise never
/sys/kernel/mm/transparent_hugepage/defrag (defrag/compaction efforts parameter):
always defer defer+madvise [madvise] never

/proc/sys/kernel/threads-max (system-wide limit on the number of threads):
28859
/proc/sys/vm/max_map_count (maximum number of memory map areas a process may have):
65530
/proc/sys/kernel/pid_max (system-wide limit on number of process identifiers):
32768

container (cgroup) information:
container_type: cgroupv1
cpu_cpuset_cpus: 0-3
cpu_memory_nodes: 0
active_processor_count: 4
cpu_quota: -1
cpu_period: 100000
cpu_shares: -1
memory_limit_in_bytes: -1
memory_and_swap_limit_in_bytes: -2
memory_soft_limit_in_bytes: -1
memory_usage_in_bytes: 3341316096
memory_max_usage_in_bytes: 3440414720

Steal ticks since vm start: 0
Steal ticks percentage since vm start:  0.000

CPU:total 4 (initial active 4) (2 cores per cpu, 2 threads per core) family 6 model 61 stepping 4, cmov, cx8, fxsr, mmx, sse, sse2, sse3, ssse3, sse4.1, sse4.2, popcnt, avx, avx2, aes, clmul, erms, rtm, 3dnowpref, lzcnt, ht, tsc, tscinvbit, bmi1, bmi2, adx, fma
CPU Model and flags from /proc/cpuinfo:
model name	: Intel(R) Core(TM) i5-5300U CPU @ 2.30GHz
flags		: fpu vme de pse tsc msr pae mce cx8 apic sep mtrr pge mca cmov pat pse36 clflush dts acpi mmx fxsr sse sse2 ss ht tm pbe syscall nx pdpe1gb rdtscp lm constant_tsc arch_perfmon pebs bts rep_good nopl xtopology nonstop_tsc cpuid aperfmperf pni pclmulqdq dtes64 monitor ds_cpl vmx smx est tm2 ssse3 sdbg fma cx16 xtpr pdcm pcid sse4_1 sse4_2 x2apic movbe popcnt tsc_deadline_timer aes xsave avx f16c rdrand lahf_lm abm 3dnowprefetch cpuid_fault epb invpcid_single pti ibrs ibpb stibp tpr_shadow vnmi flexpriority ept vpid ept_ad fsgsbase tsc_adjust bmi1 hle avx2 smep bmi2 erms invpcid rtm rdseed adx smap intel_pt xsaveopt dtherm ida arat pln pts
Online cpus:
0-3
Offline cpus:
4-7
BIOS frequency limitation:
<Not Available>
Frequency switch latency (ns):
0
Available cpu frequencies:
<Not Available>
Current governor:
powersave
Core performance/turbo boost:
<Not Available>

Memory: 4k page, physical 3733756k(128208k free), swap 3881980k(216012k free)

vm_info: OpenJDK 64-Bit Server VM (11.0.9.1+1-post-Debian-1deb10u2) for linux-amd64 JRE (11.0.9.1+1-post-Debian-1deb10u2), built on Nov 28 2020 17:42:37 by "unknown" with gcc 8.3.0

END.
