#
# There is insufficient memory for the Java Runtime Environment to continue.
# Native memory allocation (mmap) failed to map 1073741824 bytes for committing reserved memory.
# Possible reasons:
#   The system is out of physical RAM or swap space
#   The process is running with CompressedOops enabled, and the Java Heap may be blocking the growth of the native heap
# Possible solutions:
#   Reduce memory load on the system
#   Increase physical memory or swap space
#   Check if swap backing store is full
#   Decrease Java heap size (-Xmx/-Xms)
#   Decrease number of Java threads
#   Decrease Java thread stack sizes (-Xss)
#   Set larger code cache with -XX:ReservedCodeCacheSize=
# This output file may be truncated or incomplete.
#
#  Out of Memory Error (os_linux.cpp:2922), pid=14145, tid=14228
#
# JRE version:  (11.0.9.1+1) (build )
# Java VM: OpenJDK 64-Bit Server VM (11.0.9.1+1-post-Debian-1deb10u2, mixed mode, sharing, tiered, compressed oops, g1 gc, linux-amd64)
# No core dump will be written. Core dumps have been disabled. To enable core dumping, try "ulimit -c unlimited" before starting Java again
#

---------------  S U M M A R Y ------------

Command Line: -Dfile.encoding=UTF-8 -Xms1024m -Xmx1024m -Xss4M -XX:ReservedCodeCacheSize=128m -Dscala.ext.dirs= /usr/share/sbt/bin/sbt-launch.jar test

Host: Intel(R) Core(TM) i5-5300U CPU @ 2.30GHz, 4 cores, 3G, Debian GNU/Linux 10 (buster)
Time: Tue Apr 13 14:25:08 2021 CEST elapsed time: 0.003486 seconds (0d 0h 0m 0s)

---------------  T H R E A D  ---------------

Current thread (0x00007fdf20016000):  JavaThread "Unknown thread" [_thread_in_vm, id=14228, stack(0x00007fdf24542000,0x00007fdf24943000)]

Stack: [0x00007fdf24542000,0x00007fdf24943000],  sp=0x00007fdf24941230,  free space=4092k
Native frames: (J=compiled Java code, A=aot compiled Java code, j=interpreted, Vv=VM code, C=native code)
V  [libjvm.so+0xe163aa]
V  [libjvm.so+0xe1706b]
V  [libjvm.so+0x649af5]
V  [libjvm.so+0xb715f8]
V  [libjvm.so+0xb67f1d]
V  [libjvm.so+0x761b1f]
V  [libjvm.so+0x761ece]
V  [libjvm.so+0x76b556]
V  [libjvm.so+0x7e3364]
V  [libjvm.so+0x7e3f70]
V  [libjvm.so+0x7e4397]
V  [libjvm.so+0x71f790]
V  [libjvm.so+0x71fe91]
V  [libjvm.so+0xdd9bc2]
V  [libjvm.so+0xdd9e86]
V  [libjvm.so+0x803227]
V  [libjvm.so+0xdb368a]
V  [libjvm.so+0x8a5f71]  JNI_CreateJavaVM+0x51
C  [libjli.so+0x4868]
C  [libjli.so+0x95cd]


---------------  P R O C E S S  ---------------

Threads class SMR info:
_java_thread_list=0x000055c3a78db260, length=0, elements={
}

Java Threads: ( => current thread )

Other Threads:
  0x00007fdf2002d800 GCTaskThread "GC Thread#0" [stack: 0x00007fdf242d0000,0x00007fdf243d0000] [id=14229]
  0x00007fdf20049800 ConcurrentGCThread "G1 Main Marker" [stack: 0x00007fdf0cf97000,0x00007fdf0d097000] [id=14230]
  0x00007fdf2004b800 ConcurrentGCThread "G1 Conc#0" [stack: 0x00007fdf0ce95000,0x00007fdf0cf95000] [id=14231]

[error occurred during error reporting (printing all threads), id 0xb, SIGSEGV (0xb) at pc=0x00007fdf2539d080]

VM state:not at safepoint (not fully initialized)

VM Mutex/Monitor currently owned by a thread:  ([mutex/lock_event])
[0x00007fdf20013920] Heap_lock - owner thread: 0x00007fdf20016000

Heap address: 0x00000000c0000000, size: 1024 MB, Compressed Oops mode: Non-zero based: 0x00000000c0000000
Narrow klass base: 0x0000000000000000, Narrow klass shift: 0

GC Heap History (0 events):
No events

Deoptimization events (0 events):
No events

Classes redefined (0 events):
No events

Internal exceptions (0 events):
No events

Events (2 events):
Event: 0.001 Protecting memory [0x00007fdf24542000,0x00007fdf24546000] with protection modes 0
Event: 0.002 Loaded shared library /usr/lib/jvm/java-11-openjdk-amd64/lib/libzip.so


Dynamic libraries:
55c3a5dcb000-55c3a5dcc000 r--p 00000000 08:01 8408627                    /usr/lib/jvm/java-11-openjdk-amd64/bin/java
55c3a5dcc000-55c3a5dcd000 r-xp 00001000 08:01 8408627                    /usr/lib/jvm/java-11-openjdk-amd64/bin/java
55c3a5dcd000-55c3a5dce000 r--p 00002000 08:01 8408627                    /usr/lib/jvm/java-11-openjdk-amd64/bin/java
55c3a5dce000-55c3a5dcf000 r--p 00002000 08:01 8408627                    /usr/lib/jvm/java-11-openjdk-amd64/bin/java
55c3a5dcf000-55c3a5dd0000 rw-p 00003000 08:01 8408627                    /usr/lib/jvm/java-11-openjdk-amd64/bin/java
55c3a78c3000-55c3a78e4000 rw-p 00000000 00:00 0                          [heap]
7fdefe000000-7fdf00000000 rw-p 00000000 00:00 0 
7fdf00000000-7fdf00021000 rw-p 00000000 00:00 0 
7fdf00021000-7fdf04000000 ---p 00000000 00:00 0 
7fdf04000000-7fdf04021000 rw-p 00000000 00:00 0 
7fdf04021000-7fdf08000000 ---p 00000000 00:00 0 
7fdf08000000-7fdf08021000 rw-p 00000000 00:00 0 
7fdf08021000-7fdf0c000000 ---p 00000000 00:00 0 
7fdf0ca8f000-7fdf0ce93000 rw-p 00000000 00:00 0 
7fdf0ce93000-7fdf0ce94000 ---p 00000000 00:00 0 
7fdf0ce94000-7fdf0cf95000 rw-p 00000000 00:00 0 
7fdf0cf95000-7fdf0cf96000 ---p 00000000 00:00 0 
7fdf0cf96000-7fdf0d097000 rw-p 00000000 00:00 0 
7fdf0d097000-7fdf0f697000 ---p 00000000 00:00 0 
7fdf0f697000-7fdf0f899000 rw-p 00000000 00:00 0 
7fdf0f899000-7fdf0fb09000 rwxp 00000000 00:00 0 
7fdf0fb09000-7fdf17899000 ---p 00000000 00:00 0 
7fdf17899000-7fdf20000000 r--s 00000000 08:01 8410950                    /usr/lib/jvm/java-11-openjdk-amd64/lib/modules
7fdf20000000-7fdf20066000 rw-p 00000000 00:00 0 
7fdf20066000-7fdf24000000 ---p 00000000 00:00 0 
7fdf240a9000-7fdf242ce000 rw-p 00000000 00:00 0 
7fdf242ce000-7fdf242cf000 ---p 00000000 00:00 0 
7fdf242cf000-7fdf243d5000 rw-p 00000000 00:00 0 
7fdf243d5000-7fdf244d0000 ---p 00000000 00:00 0 
7fdf244d0000-7fdf244d3000 r--p 00000000 08:01 7340723                    /usr/lib/x86_64-linux-gnu/libnss_files-2.28.so
7fdf244d3000-7fdf244da000 r-xp 00003000 08:01 7340723                    /usr/lib/x86_64-linux-gnu/libnss_files-2.28.so
7fdf244da000-7fdf244dc000 r--p 0000a000 08:01 7340723                    /usr/lib/x86_64-linux-gnu/libnss_files-2.28.so
7fdf244dc000-7fdf244dd000 ---p 0000c000 08:01 7340723                    /usr/lib/x86_64-linux-gnu/libnss_files-2.28.so
7fdf244dd000-7fdf244de000 r--p 0000c000 08:01 7340723                    /usr/lib/x86_64-linux-gnu/libnss_files-2.28.so
7fdf244de000-7fdf244df000 rw-p 0000d000 08:01 7340723                    /usr/lib/x86_64-linux-gnu/libnss_files-2.28.so
7fdf244df000-7fdf244e5000 rw-p 00000000 00:00 0 
7fdf24501000-7fdf24503000 r--p 00000000 08:01 8410949                    /usr/lib/jvm/java-11-openjdk-amd64/lib/libzip.so
7fdf24503000-7fdf24507000 r-xp 00002000 08:01 8410949                    /usr/lib/jvm/java-11-openjdk-amd64/lib/libzip.so
7fdf24507000-7fdf24509000 r--p 00006000 08:01 8410949                    /usr/lib/jvm/java-11-openjdk-amd64/lib/libzip.so
7fdf24509000-7fdf2450a000 r--p 00007000 08:01 8410949                    /usr/lib/jvm/java-11-openjdk-amd64/lib/libzip.so
7fdf2450a000-7fdf2450b000 rw-p 00008000 08:01 8410949                    /usr/lib/jvm/java-11-openjdk-amd64/lib/libzip.so
7fdf2450b000-7fdf24519000 r--p 00000000 08:01 8410928                    /usr/lib/jvm/java-11-openjdk-amd64/lib/libjava.so
7fdf24519000-7fdf2452e000 r-xp 0000e000 08:01 8410928                    /usr/lib/jvm/java-11-openjdk-amd64/lib/libjava.so
7fdf2452e000-7fdf24535000 r--p 00023000 08:01 8410928                    /usr/lib/jvm/java-11-openjdk-amd64/lib/libjava.so
7fdf24535000-7fdf24536000 r--p 00029000 08:01 8410928                    /usr/lib/jvm/java-11-openjdk-amd64/lib/libjava.so
7fdf24536000-7fdf24537000 rw-p 0002a000 08:01 8410928                    /usr/lib/jvm/java-11-openjdk-amd64/lib/libjava.so
7fdf24537000-7fdf24538000 rw-p 00000000 00:00 0 
7fdf24538000-7fdf2453a000 r--p 00000000 08:01 7340731                    /usr/lib/x86_64-linux-gnu/librt-2.28.so
7fdf2453a000-7fdf2453e000 r-xp 00002000 08:01 7340731                    /usr/lib/x86_64-linux-gnu/librt-2.28.so
7fdf2453e000-7fdf24540000 r--p 00006000 08:01 7340731                    /usr/lib/x86_64-linux-gnu/librt-2.28.so
7fdf24540000-7fdf24541000 r--p 00007000 08:01 7340731                    /usr/lib/x86_64-linux-gnu/librt-2.28.so
7fdf24541000-7fdf24542000 rw-p 00008000 08:01 7340731                    /usr/lib/x86_64-linux-gnu/librt-2.28.so
7fdf24542000-7fdf24546000 ---p 00000000 00:00 0 
7fdf24546000-7fdf24943000 rw-p 00000000 00:00 0 
7fdf24943000-7fdf24946000 r--p 00000000 08:01 7340046                    /usr/lib/x86_64-linux-gnu/libgcc_s.so.1
7fdf24946000-7fdf24957000 r-xp 00003000 08:01 7340046                    /usr/lib/x86_64-linux-gnu/libgcc_s.so.1
7fdf24957000-7fdf2495a000 r--p 00014000 08:01 7340046                    /usr/lib/x86_64-linux-gnu/libgcc_s.so.1
7fdf2495a000-7fdf2495b000 ---p 00017000 08:01 7340046                    /usr/lib/x86_64-linux-gnu/libgcc_s.so.1
7fdf2495b000-7fdf2495c000 r--p 00017000 08:01 7340046                    /usr/lib/x86_64-linux-gnu/libgcc_s.so.1
7fdf2495c000-7fdf2495d000 rw-p 00018000 08:01 7340046                    /usr/lib/x86_64-linux-gnu/libgcc_s.so.1
7fdf2495d000-7fdf2496a000 r--p 00000000 08:01 7340714                    /usr/lib/x86_64-linux-gnu/libm-2.28.so
7fdf2496a000-7fdf24a09000 r-xp 0000d000 08:01 7340714                    /usr/lib/x86_64-linux-gnu/libm-2.28.so
7fdf24a09000-7fdf24ade000 r--p 000ac000 08:01 7340714                    /usr/lib/x86_64-linux-gnu/libm-2.28.so
7fdf24ade000-7fdf24adf000 r--p 00180000 08:01 7340714                    /usr/lib/x86_64-linux-gnu/libm-2.28.so
7fdf24adf000-7fdf24ae0000 rw-p 00181000 08:01 7340714                    /usr/lib/x86_64-linux-gnu/libm-2.28.so
7fdf24ae0000-7fdf24b69000 r--p 00000000 08:01 7340305                    /usr/lib/x86_64-linux-gnu/libstdc++.so.6.0.25
7fdf24b69000-7fdf24c15000 r-xp 00089000 08:01 7340305                    /usr/lib/x86_64-linux-gnu/libstdc++.so.6.0.25
7fdf24c15000-7fdf24c53000 r--p 00135000 08:01 7340305                    /usr/lib/x86_64-linux-gnu/libstdc++.so.6.0.25
7fdf24c53000-7fdf24c54000 ---p 00173000 08:01 7340305                    /usr/lib/x86_64-linux-gnu/libstdc++.so.6.0.25
7fdf24c54000-7fdf24c5e000 r--p 00173000 08:01 7340305                    /usr/lib/x86_64-linux-gnu/libstdc++.so.6.0.25
7fdf24c5e000-7fdf24c60000 rw-p 0017d000 08:01 7340305                    /usr/lib/x86_64-linux-gnu/libstdc++.so.6.0.25
7fdf24c60000-7fdf24c64000 rw-p 00000000 00:00 0 
7fdf24c64000-7fdf24edd000 r--p 00000000 08:01 8410953                    /usr/lib/jvm/java-11-openjdk-amd64/lib/server/libjvm.so
7fdf24edd000-7fdf25aee000 r-xp 00279000 08:01 8410953                    /usr/lib/jvm/java-11-openjdk-amd64/lib/server/libjvm.so
7fdf25aee000-7fdf25d45000 r--p 00e8a000 08:01 8410953                    /usr/lib/jvm/java-11-openjdk-amd64/lib/server/libjvm.so
7fdf25d45000-7fdf25e06000 r--p 010e0000 08:01 8410953                    /usr/lib/jvm/java-11-openjdk-amd64/lib/server/libjvm.so
7fdf25e06000-7fdf25e41000 rw-p 011a1000 08:01 8410953                    /usr/lib/jvm/java-11-openjdk-amd64/lib/server/libjvm.so
7fdf25e41000-7fdf25e9a000 rw-p 00000000 00:00 0 
7fdf25e9a000-7fdf25ebc000 r--p 00000000 08:01 7340711                    /usr/lib/x86_64-linux-gnu/libc-2.28.so
7fdf25ebc000-7fdf26004000 r-xp 00022000 08:01 7340711                    /usr/lib/x86_64-linux-gnu/libc-2.28.so
7fdf26004000-7fdf26050000 r--p 0016a000 08:01 7340711                    /usr/lib/x86_64-linux-gnu/libc-2.28.so
7fdf26050000-7fdf26051000 ---p 001b6000 08:01 7340711                    /usr/lib/x86_64-linux-gnu/libc-2.28.so
7fdf26051000-7fdf26055000 r--p 001b6000 08:01 7340711                    /usr/lib/x86_64-linux-gnu/libc-2.28.so
7fdf26055000-7fdf26057000 rw-p 001ba000 08:01 7340711                    /usr/lib/x86_64-linux-gnu/libc-2.28.so
7fdf26057000-7fdf2605b000 rw-p 00000000 00:00 0 
7fdf2605b000-7fdf2605c000 r--p 00000000 08:01 7340713                    /usr/lib/x86_64-linux-gnu/libdl-2.28.so
7fdf2605c000-7fdf2605d000 r-xp 00001000 08:01 7340713                    /usr/lib/x86_64-linux-gnu/libdl-2.28.so
7fdf2605d000-7fdf2605e000 r--p 00002000 08:01 7340713                    /usr/lib/x86_64-linux-gnu/libdl-2.28.so
7fdf2605e000-7fdf2605f000 r--p 00002000 08:01 7340713                    /usr/lib/x86_64-linux-gnu/libdl-2.28.so
7fdf2605f000-7fdf26060000 rw-p 00003000 08:01 7340713                    /usr/lib/x86_64-linux-gnu/libdl-2.28.so
7fdf26060000-7fdf26063000 r--p 00000000 08:01 8410912                    /usr/lib/jvm/java-11-openjdk-amd64/lib/jli/libjli.so
7fdf26063000-7fdf2606d000 r-xp 00003000 08:01 8410912                    /usr/lib/jvm/java-11-openjdk-amd64/lib/jli/libjli.so
7fdf2606d000-7fdf26070000 r--p 0000d000 08:01 8410912                    /usr/lib/jvm/java-11-openjdk-amd64/lib/jli/libjli.so
7fdf26070000-7fdf26071000 ---p 00010000 08:01 8410912                    /usr/lib/jvm/java-11-openjdk-amd64/lib/jli/libjli.so
7fdf26071000-7fdf26072000 r--p 00010000 08:01 8410912                    /usr/lib/jvm/java-11-openjdk-amd64/lib/jli/libjli.so
7fdf26072000-7fdf26073000 rw-p 00011000 08:01 8410912                    /usr/lib/jvm/java-11-openjdk-amd64/lib/jli/libjli.so
7fdf26073000-7fdf26079000 r--p 00000000 08:01 7340729                    /usr/lib/x86_64-linux-gnu/libpthread-2.28.so
7fdf26079000-7fdf26088000 r-xp 00006000 08:01 7340729                    /usr/lib/x86_64-linux-gnu/libpthread-2.28.so
7fdf26088000-7fdf2608e000 r--p 00015000 08:01 7340729                    /usr/lib/x86_64-linux-gnu/libpthread-2.28.so
7fdf2608e000-7fdf2608f000 r--p 0001a000 08:01 7340729                    /usr/lib/x86_64-linux-gnu/libpthread-2.28.so
7fdf2608f000-7fdf26090000 rw-p 0001b000 08:01 7340729                    /usr/lib/x86_64-linux-gnu/libpthread-2.28.so
7fdf26090000-7fdf26094000 rw-p 00000000 00:00 0 
7fdf26094000-7fdf260b0000 r-xp 00000000 08:01 7342287                    /usr/lib/x86_64-linux-gnu/libz.so.1.2.11
7fdf260b0000-7fdf262b0000 ---p 0001c000 08:01 7342287                    /usr/lib/x86_64-linux-gnu/libz.so.1.2.11
7fdf262b0000-7fdf262b1000 r--p 0001c000 08:01 7342287                    /usr/lib/x86_64-linux-gnu/libz.so.1.2.11
7fdf262b1000-7fdf262b2000 rw-p 0001d000 08:01 7342287                    /usr/lib/x86_64-linux-gnu/libz.so.1.2.11
7fdf262b2000-7fdf262b4000 rw-p 00000000 00:00 0 
7fdf262b4000-7fdf262b6000 r--s 00007000 08:01 8003583                    /usr/share/java/java-atk-wrapper.jar
7fdf262b6000-7fdf262be000 rw-s 00000000 08:01 2359589                    /tmp/hsperfdata_tobias/14145
7fdf262be000-7fdf262bf000 ---p 00000000 00:00 0 
7fdf262bf000-7fdf262c0000 r--p 00000000 00:00 0 
7fdf262c0000-7fdf262c2000 r--p 00000000 08:01 8410932                    /usr/lib/jvm/java-11-openjdk-amd64/lib/libjimage.so
7fdf262c2000-7fdf262c5000 r-xp 00002000 08:01 8410932                    /usr/lib/jvm/java-11-openjdk-amd64/lib/libjimage.so
7fdf262c5000-7fdf262c7000 r--p 00005000 08:01 8410932                    /usr/lib/jvm/java-11-openjdk-amd64/lib/libjimage.so
7fdf262c7000-7fdf262c8000 r--p 00006000 08:01 8410932                    /usr/lib/jvm/java-11-openjdk-amd64/lib/libjimage.so
7fdf262c8000-7fdf262c9000 rw-p 00007000 08:01 8410932                    /usr/lib/jvm/java-11-openjdk-amd64/lib/libjimage.so
7fdf262c9000-7fdf262ce000 r--p 00000000 08:01 8410948                    /usr/lib/jvm/java-11-openjdk-amd64/lib/libverify.so
7fdf262ce000-7fdf262d5000 r-xp 00005000 08:01 8410948                    /usr/lib/jvm/java-11-openjdk-amd64/lib/libverify.so
7fdf262d5000-7fdf262d7000 r--p 0000c000 08:01 8410948                    /usr/lib/jvm/java-11-openjdk-amd64/lib/libverify.so
7fdf262d7000-7fdf262d9000 r--p 0000d000 08:01 8410948                    /usr/lib/jvm/java-11-openjdk-amd64/lib/libverify.so
7fdf262d9000-7fdf262da000 rw-p 0000f000 08:01 8410948                    /usr/lib/jvm/java-11-openjdk-amd64/lib/libverify.so
7fdf262da000-7fdf262db000 r--p 00000000 08:01 7340048                    /usr/lib/x86_64-linux-gnu/ld-2.28.so
7fdf262db000-7fdf262f9000 r-xp 00001000 08:01 7340048                    /usr/lib/x86_64-linux-gnu/ld-2.28.so
7fdf262f9000-7fdf26301000 r--p 0001f000 08:01 7340048                    /usr/lib/x86_64-linux-gnu/ld-2.28.so
7fdf26301000-7fdf26302000 r--p 00026000 08:01 7340048                    /usr/lib/x86_64-linux-gnu/ld-2.28.so
7fdf26302000-7fdf26303000 rw-p 00027000 08:01 7340048                    /usr/lib/x86_64-linux-gnu/ld-2.28.so
7fdf26303000-7fdf26304000 rw-p 00000000 00:00 0 
7ffeb0b8b000-7ffeb0bac000 rw-p 00000000 00:00 0                          [stack]
7ffeb0bc0000-7ffeb0bc3000 r--p 00000000 00:00 0                          [vvar]
7ffeb0bc3000-7ffeb0bc5000 r-xp 00000000 00:00 0                          [vdso]


VM Arguments:
jvm_args: -Dfile.encoding=UTF-8 -Xms1024m -Xmx1024m -Xss4M -XX:ReservedCodeCacheSize=128m -Dscala.ext.dirs= 
java_command: /usr/share/sbt/bin/sbt-launch.jar test
java_class_path (initial): /usr/share/sbt/bin/sbt-launch.jar
Launcher Type: SUN_STANDARD

[Global flags]
     intx CICompilerCount                          = 3                                         {product} {ergonomic}
     uint ConcGCThreads                            = 1                                         {product} {ergonomic}
     uint G1ConcRefinementThreads                  = 4                                         {product} {ergonomic}
   size_t G1HeapRegionSize                         = 1048576                                   {product} {ergonomic}
    uintx GCDrainStackTargetSize                   = 64                                        {product} {ergonomic}
   size_t InitialHeapSize                          = 1073741824                                {product} {command line}
   size_t MarkStackSize                            = 4194304                                   {product} {ergonomic}
   size_t MaxHeapSize                              = 1073741824                                {product} {command line}
   size_t MinHeapDeltaBytes                        = 1048576                                   {product} {ergonomic}
    uintx NonProfiledCodeHeapSize                  = 0                                      {pd product} {ergonomic}
    uintx ProfiledCodeHeapSize                     = 0                                      {pd product} {ergonomic}
    uintx ReservedCodeCacheSize                    = 134217728                              {pd product} {command line}
     intx ThreadStackSize                          = 4096                                   {pd product} {command line}
     bool UseCompressedClassPointers               = true                                 {lp64_product} {ergonomic}
     bool UseCompressedOops                        = true                                 {lp64_product} {ergonomic}
     bool UseG1GC                                  = true                                      {product} {ergonomic}

Logging:
Log output configuration:
 #0: stdout all=warning uptime,level,tags
 #1: stderr all=off uptime,level,tags

Environment Variables:
PATH=/home/tobias/.local/bin:/usr/local/bin:/usr/bin:/bin:/usr/local/games:/usr/games:/snap/bin:/home/tobias/.dotnet/tools:/opt/thinlinc/bin
SHELL=/bin/bash
DISPLAY=:0
LANG=en_US.UTF-8

Signal Handlers:
SIGSEGV: [libjvm.so+0xe170c0], sa_mask[0]=11111111011111111101111111111110, sa_flags=SA_RESTART|SA_SIGINFO
SIGBUS: [libjvm.so+0xe170c0], sa_mask[0]=11111111011111111101111111111110, sa_flags=SA_RESTART|SA_SIGINFO
SIGFPE: [libjvm.so+0xe170c0], sa_mask[0]=11111111011111111101111111111110, sa_flags=SA_RESTART|SA_SIGINFO
SIGPIPE: [libjvm.so+0xb6c750], sa_mask[0]=11111111011111111101111111111110, sa_flags=SA_RESTART|SA_SIGINFO
SIGXFSZ: [libjvm.so+0xb6c750], sa_mask[0]=11111111011111111101111111111110, sa_flags=SA_RESTART|SA_SIGINFO
SIGILL: [libjvm.so+0xe170c0], sa_mask[0]=11111111011111111101111111111110, sa_flags=SA_RESTART|SA_SIGINFO
SIGUSR2: [libjvm.so+0xb6c5e0], sa_mask[0]=00100000000000000000000000000000, sa_flags=SA_RESTART|SA_SIGINFO
SIGHUP: SIG_DFL, sa_mask[0]=00000000000000000000000000000000, sa_flags=none
SIGINT: SIG_DFL, sa_mask[0]=00000000000000000000000000000000, sa_flags=none
SIGTERM: SIG_DFL, sa_mask[0]=00000000000000000000000000000000, sa_flags=none
SIGQUIT: SIG_DFL, sa_mask[0]=00000000000000000000000000000000, sa_flags=none


---------------  S Y S T E M  ---------------

OS:PRETTY_NAME="Debian GNU/Linux 10 (buster)"
NAME="Debian GNU/Linux"
VERSION_ID="10"
VERSION="10 (buster)"
VERSION_CODENAME=buster
ID=debian
HOME_URL="https://www.debian.org/"
SUPPORT_URL="https://www.debian.org/support"
BUG_REPORT_URL="https://bugs.debian.org/"
uname:Linux 4.19.0-14-amd64 #1 SMP Debian 4.19.171-2 (2021-01-30) x86_64
OS uptime: 0 days 4:59 hours
libc:glibc 2.28 NPTL 2.28 
rlimit (soft/hard): STACK 8192k/infinity , CORE 0k/infinity , NPROC 14429/14429 , NOFILE 1048576/1048576 , AS infinity/infinity , CPU infinity/infinity , DATA infinity/infinity , FSIZE infinity/infinity , MEMLOCK infinity/infinity
load average:1.63 2.13 2.28

/proc/meminfo:
MemTotal:        3733696 kB
MemFree:          114616 kB
MemAvailable:     212708 kB
Buffers:           45300 kB
Cached:           780684 kB
SwapCached:        51024 kB
Active:          2465544 kB
Inactive:         850652 kB
Active(anon):    2302764 kB
Inactive(anon):   740624 kB
Active(file):     162780 kB
Inactive(file):   110028 kB
Unevictable:         588 kB
Mlocked:             588 kB
SwapTotal:       3881980 kB
SwapFree:         417756 kB
Dirty:              6164 kB
Writeback:             0 kB
AnonPages:       2440728 kB
Mapped:           283932 kB
Shmem:            552676 kB
Slab:             157100 kB
SReclaimable:      56064 kB
SUnreclaim:       101036 kB
KernelStack:       17080 kB
PageTables:        48976 kB
NFS_Unstable:          0 kB
Bounce:                0 kB
WritebackTmp:          0 kB
CommitLimit:     5748828 kB
Committed_AS:   12794016 kB
VmallocTotal:   34359738367 kB
VmallocUsed:           0 kB
VmallocChunk:          0 kB
Percpu:             3072 kB
HardwareCorrupted:     0 kB
AnonHugePages:     73728 kB
ShmemHugePages:        0 kB
ShmemPmdMapped:        0 kB
HugePages_Total:       0
HugePages_Free:        0
HugePages_Rsvd:        0
HugePages_Surp:        0
Hugepagesize:       2048 kB
Hugetlb:               0 kB
DirectMap4k:      223588 kB
DirectMap2M:     3659776 kB
DirectMap1G:           0 kB

/sys/kernel/mm/transparent_hugepage/enabled:
[always] madvise never
/sys/kernel/mm/transparent_hugepage/defrag (defrag/compaction efforts parameter):
always defer defer+madvise [madvise] never

/proc/sys/kernel/threads-max (system-wide limit on the number of threads):
28858
/proc/sys/vm/max_map_count (maximum number of memory map areas a process may have):
65530
/proc/sys/kernel/pid_max (system-wide limit on number of process identifiers):
32768

container (cgroup) information:
container_type: cgroupv1
cpu_cpuset_cpus: 0-3
cpu_memory_nodes: 0
active_processor_count: 4
cpu_quota: -1
cpu_period: 100000
cpu_shares: -1
memory_limit_in_bytes: -1
memory_and_swap_limit_in_bytes: -2
memory_soft_limit_in_bytes: -1
memory_usage_in_bytes: 3204272128
memory_max_usage_in_bytes: 3408158720

Steal ticks since vm start: 0
Steal ticks percentage since vm start:  0.000

CPU:total 4 (initial active 4) (2 cores per cpu, 2 threads per core) family 6 model 61 stepping 4, cmov, cx8, fxsr, mmx, sse, sse2, sse3, ssse3, sse4.1, sse4.2, popcnt, avx, avx2, aes, clmul, erms, rtm, 3dnowpref, lzcnt, ht, tsc, tscinvbit, bmi1, bmi2, adx, fma
CPU Model and flags from /proc/cpuinfo:
model name	: Intel(R) Core(TM) i5-5300U CPU @ 2.30GHz
flags		: fpu vme de pse tsc msr pae mce cx8 apic sep mtrr pge mca cmov pat pse36 clflush dts acpi mmx fxsr sse sse2 ss ht tm pbe syscall nx pdpe1gb rdtscp lm constant_tsc arch_perfmon pebs bts rep_good nopl xtopology nonstop_tsc cpuid aperfmperf pni pclmulqdq dtes64 monitor ds_cpl vmx smx est tm2 ssse3 sdbg fma cx16 xtpr pdcm pcid sse4_1 sse4_2 x2apic movbe popcnt tsc_deadline_timer aes xsave avx f16c rdrand lahf_lm abm 3dnowprefetch cpuid_fault epb invpcid_single pti ibrs ibpb stibp tpr_shadow vnmi flexpriority ept vpid ept_ad fsgsbase tsc_adjust bmi1 hle avx2 smep bmi2 erms invpcid rtm rdseed adx smap intel_pt xsaveopt dtherm ida arat pln pts
Online cpus:
0-3
Offline cpus:
4-7
BIOS frequency limitation:
<Not Available>
Frequency switch latency (ns):
0
Available cpu frequencies:
<Not Available>
Current governor:
powersave
Core performance/turbo boost:
<Not Available>

Memory: 4k page, physical 3733696k(114616k free), swap 3881980k(417756k free)

vm_info: OpenJDK 64-Bit Server VM (11.0.9.1+1-post-Debian-1deb10u2) for linux-amd64 JRE (11.0.9.1+1-post-Debian-1deb10u2), built on Nov 28 2020 17:42:37 by "unknown" with gcc 8.3.0

END.
