#
# There is insufficient memory for the Java Runtime Environment to continue.
# Native memory allocation (mmap) failed to map 1073741824 bytes for committing reserved memory.
# Possible reasons:
#   The system is out of physical RAM or swap space
#   The process is running with CompressedOops enabled, and the Java Heap may be blocking the growth of the native heap
# Possible solutions:
#   Reduce memory load on the system
#   Increase physical memory or swap space
#   Check if swap backing store is full
#   Decrease Java heap size (-Xmx/-Xms)
#   Decrease number of Java threads
#   Decrease Java thread stack sizes (-Xss)
#   Set larger code cache with -XX:ReservedCodeCacheSize=
# This output file may be truncated or incomplete.
#
#  Out of Memory Error (os_linux.cpp:2922), pid=14314, tid=14315
#
# JRE version:  (11.0.9.1+1) (build )
# Java VM: OpenJDK 64-Bit Server VM (11.0.9.1+1-post-Debian-1deb10u2, mixed mode, sharing, tiered, compressed oops, g1 gc, linux-amd64)
# No core dump will be written. Core dumps have been disabled. To enable core dumping, try "ulimit -c unlimited" before starting Java again
#

---------------  S U M M A R Y ------------

Command Line: -Dfile.encoding=UTF-8 -Xms1024m -Xmx1024m -Xss4M -XX:ReservedCodeCacheSize=128m /usr/share/sbt/bin/java9-rt-export.jar /rt.jar

Host: Intel(R) Core(TM) i5-5300U CPU @ 2.30GHz, 4 cores, 3G, Debian GNU/Linux 10 (buster)
Time: Tue Apr 13 14:25:15 2021 CEST elapsed time: 0.003224 seconds (0d 0h 0m 0s)

---------------  T H R E A D  ---------------

Current thread (0x00007ff294016000):  JavaThread "Unknown thread" [_thread_in_vm, id=14315, stack(0x00007ff29ad99000,0x00007ff29b19a000)]

Stack: [0x00007ff29ad99000,0x00007ff29b19a000],  sp=0x00007ff29b198230,  free space=4092k
Native frames: (J=compiled Java code, A=aot compiled Java code, j=interpreted, Vv=VM code, C=native code)
V  [libjvm.so+0xe163aa]
V  [libjvm.so+0xe1706b]
V  [libjvm.so+0x649af5]
V  [libjvm.so+0xb715f8]
V  [libjvm.so+0xb67f1d]
V  [libjvm.so+0x761b1f]
V  [libjvm.so+0x761ece]
V  [libjvm.so+0x76b556]
V  [libjvm.so+0x7e3364]
V  [libjvm.so+0x7e3f70]
V  [libjvm.so+0x7e4397]
V  [libjvm.so+0x71f790]
V  [libjvm.so+0x71fe91]
V  [libjvm.so+0xdd9bc2]
V  [libjvm.so+0xdd9e86]
V  [libjvm.so+0x803227]
V  [libjvm.so+0xdb368a]
V  [libjvm.so+0x8a5f71]  JNI_CreateJavaVM+0x51
C  [libjli.so+0x4868]
C  [libjli.so+0x95cd]


---------------  P R O C E S S  ---------------

Threads class SMR info:
_java_thread_list=0x00005654e50403e0, length=0, elements={
}

Java Threads: ( => current thread )

Other Threads:
  0x00007ff29402d800 GCTaskThread "GC Thread#0" [stack: 0x00007ff29ab27000,0x00007ff29ac27000] [id=14316]
  0x00007ff294049800 ConcurrentGCThread "G1 Main Marker" [stack: 0x00007ff283799000,0x00007ff283899000] [id=14317]
  0x00007ff29404b800 ConcurrentGCThread "G1 Conc#0" [stack: 0x00007ff283697000,0x00007ff283797000] [id=14318]

[error occurred during error reporting (printing all threads), id 0xb, SIGSEGV (0xb) at pc=0x00007ff29bbf4080]

VM state:not at safepoint (not fully initialized)

VM Mutex/Monitor currently owned by a thread:  ([mutex/lock_event])
[0x00007ff2940138a0] Heap_lock - owner thread: 0x00007ff294016000

Heap address: 0x00000000c0000000, size: 1024 MB, Compressed Oops mode: Non-zero based: 0x00000000c0000000
Narrow klass base: 0x0000000000000000, Narrow klass shift: 0

GC Heap History (0 events):
No events

Deoptimization events (0 events):
No events

Classes redefined (0 events):
No events

Internal exceptions (0 events):
No events

Events (2 events):
Event: 0.001 Protecting memory [0x00007ff29ad99000,0x00007ff29ad9d000] with protection modes 0
Event: 0.002 Loaded shared library /usr/lib/jvm/java-11-openjdk-amd64/lib/libzip.so


Dynamic libraries:
5654e4a83000-5654e4a84000 r--p 00000000 08:01 8408627                    /usr/lib/jvm/java-11-openjdk-amd64/bin/java
5654e4a84000-5654e4a85000 r-xp 00001000 08:01 8408627                    /usr/lib/jvm/java-11-openjdk-amd64/bin/java
5654e4a85000-5654e4a86000 r--p 00002000 08:01 8408627                    /usr/lib/jvm/java-11-openjdk-amd64/bin/java
5654e4a86000-5654e4a87000 r--p 00002000 08:01 8408627                    /usr/lib/jvm/java-11-openjdk-amd64/bin/java
5654e4a87000-5654e4a88000 rw-p 00003000 08:01 8408627                    /usr/lib/jvm/java-11-openjdk-amd64/bin/java
5654e5028000-5654e5049000 rw-p 00000000 00:00 0                          [heap]
7ff274000000-7ff274021000 rw-p 00000000 00:00 0 
7ff274021000-7ff278000000 ---p 00000000 00:00 0 
7ff278000000-7ff278021000 rw-p 00000000 00:00 0 
7ff278021000-7ff27c000000 ---p 00000000 00:00 0 
7ff27c000000-7ff27c021000 rw-p 00000000 00:00 0 
7ff27c021000-7ff280000000 ---p 00000000 00:00 0 
7ff281291000-7ff283695000 rw-p 00000000 00:00 0 
7ff283695000-7ff283696000 ---p 00000000 00:00 0 
7ff283696000-7ff283797000 rw-p 00000000 00:00 0 
7ff283797000-7ff283798000 ---p 00000000 00:00 0 
7ff283798000-7ff283899000 rw-p 00000000 00:00 0 
7ff283899000-7ff283b09000 rwxp 00000000 00:00 0 
7ff283b09000-7ff28b899000 ---p 00000000 00:00 0 
7ff28b899000-7ff294000000 r--s 00000000 08:01 8410950                    /usr/lib/jvm/java-11-openjdk-amd64/lib/modules
7ff294000000-7ff294066000 rw-p 00000000 00:00 0 
7ff294066000-7ff298000000 ---p 00000000 00:00 0 
7ff2980fe000-7ff298121000 rw-p 00000000 00:00 0 
7ff298121000-7ff29a721000 ---p 00000000 00:00 0 
7ff29a721000-7ff29ab25000 rw-p 00000000 00:00 0 
7ff29ab25000-7ff29ab26000 ---p 00000000 00:00 0 
7ff29ab26000-7ff29ac2c000 rw-p 00000000 00:00 0 
7ff29ac2c000-7ff29ad27000 ---p 00000000 00:00 0 
7ff29ad27000-7ff29ad2a000 r--p 00000000 08:01 7340723                    /usr/lib/x86_64-linux-gnu/libnss_files-2.28.so
7ff29ad2a000-7ff29ad31000 r-xp 00003000 08:01 7340723                    /usr/lib/x86_64-linux-gnu/libnss_files-2.28.so
7ff29ad31000-7ff29ad33000 r--p 0000a000 08:01 7340723                    /usr/lib/x86_64-linux-gnu/libnss_files-2.28.so
7ff29ad33000-7ff29ad34000 ---p 0000c000 08:01 7340723                    /usr/lib/x86_64-linux-gnu/libnss_files-2.28.so
7ff29ad34000-7ff29ad35000 r--p 0000c000 08:01 7340723                    /usr/lib/x86_64-linux-gnu/libnss_files-2.28.so
7ff29ad35000-7ff29ad36000 rw-p 0000d000 08:01 7340723                    /usr/lib/x86_64-linux-gnu/libnss_files-2.28.so
7ff29ad36000-7ff29ad3c000 rw-p 00000000 00:00 0 
7ff29ad58000-7ff29ad5a000 r--p 00000000 08:01 8410949                    /usr/lib/jvm/java-11-openjdk-amd64/lib/libzip.so
7ff29ad5a000-7ff29ad5e000 r-xp 00002000 08:01 8410949                    /usr/lib/jvm/java-11-openjdk-amd64/lib/libzip.so
7ff29ad5e000-7ff29ad60000 r--p 00006000 08:01 8410949                    /usr/lib/jvm/java-11-openjdk-amd64/lib/libzip.so
7ff29ad60000-7ff29ad61000 r--p 00007000 08:01 8410949                    /usr/lib/jvm/java-11-openjdk-amd64/lib/libzip.so
7ff29ad61000-7ff29ad62000 rw-p 00008000 08:01 8410949                    /usr/lib/jvm/java-11-openjdk-amd64/lib/libzip.so
7ff29ad62000-7ff29ad70000 r--p 00000000 08:01 8410928                    /usr/lib/jvm/java-11-openjdk-amd64/lib/libjava.so
7ff29ad70000-7ff29ad85000 r-xp 0000e000 08:01 8410928                    /usr/lib/jvm/java-11-openjdk-amd64/lib/libjava.so
7ff29ad85000-7ff29ad8c000 r--p 00023000 08:01 8410928                    /usr/lib/jvm/java-11-openjdk-amd64/lib/libjava.so
7ff29ad8c000-7ff29ad8d000 r--p 00029000 08:01 8410928                    /usr/lib/jvm/java-11-openjdk-amd64/lib/libjava.so
7ff29ad8d000-7ff29ad8e000 rw-p 0002a000 08:01 8410928                    /usr/lib/jvm/java-11-openjdk-amd64/lib/libjava.so
7ff29ad8e000-7ff29ad8f000 rw-p 00000000 00:00 0 
7ff29ad8f000-7ff29ad91000 r--p 00000000 08:01 7340731                    /usr/lib/x86_64-linux-gnu/librt-2.28.so
7ff29ad91000-7ff29ad95000 r-xp 00002000 08:01 7340731                    /usr/lib/x86_64-linux-gnu/librt-2.28.so
7ff29ad95000-7ff29ad97000 r--p 00006000 08:01 7340731                    /usr/lib/x86_64-linux-gnu/librt-2.28.so
7ff29ad97000-7ff29ad98000 r--p 00007000 08:01 7340731                    /usr/lib/x86_64-linux-gnu/librt-2.28.so
7ff29ad98000-7ff29ad99000 rw-p 00008000 08:01 7340731                    /usr/lib/x86_64-linux-gnu/librt-2.28.so
7ff29ad99000-7ff29ad9d000 ---p 00000000 00:00 0 
7ff29ad9d000-7ff29b19a000 rw-p 00000000 00:00 0 
7ff29b19a000-7ff29b19d000 r--p 00000000 08:01 7340046                    /usr/lib/x86_64-linux-gnu/libgcc_s.so.1
7ff29b19d000-7ff29b1ae000 r-xp 00003000 08:01 7340046                    /usr/lib/x86_64-linux-gnu/libgcc_s.so.1
7ff29b1ae000-7ff29b1b1000 r--p 00014000 08:01 7340046                    /usr/lib/x86_64-linux-gnu/libgcc_s.so.1
7ff29b1b1000-7ff29b1b2000 ---p 00017000 08:01 7340046                    /usr/lib/x86_64-linux-gnu/libgcc_s.so.1
7ff29b1b2000-7ff29b1b3000 r--p 00017000 08:01 7340046                    /usr/lib/x86_64-linux-gnu/libgcc_s.so.1
7ff29b1b3000-7ff29b1b4000 rw-p 00018000 08:01 7340046                    /usr/lib/x86_64-linux-gnu/libgcc_s.so.1
7ff29b1b4000-7ff29b1c1000 r--p 00000000 08:01 7340714                    /usr/lib/x86_64-linux-gnu/libm-2.28.so
7ff29b1c1000-7ff29b260000 r-xp 0000d000 08:01 7340714                    /usr/lib/x86_64-linux-gnu/libm-2.28.so
7ff29b260000-7ff29b335000 r--p 000ac000 08:01 7340714                    /usr/lib/x86_64-linux-gnu/libm-2.28.so
7ff29b335000-7ff29b336000 r--p 00180000 08:01 7340714                    /usr/lib/x86_64-linux-gnu/libm-2.28.so
7ff29b336000-7ff29b337000 rw-p 00181000 08:01 7340714                    /usr/lib/x86_64-linux-gnu/libm-2.28.so
7ff29b337000-7ff29b3c0000 r--p 00000000 08:01 7340305                    /usr/lib/x86_64-linux-gnu/libstdc++.so.6.0.25
7ff29b3c0000-7ff29b46c000 r-xp 00089000 08:01 7340305                    /usr/lib/x86_64-linux-gnu/libstdc++.so.6.0.25
7ff29b46c000-7ff29b4aa000 r--p 00135000 08:01 7340305                    /usr/lib/x86_64-linux-gnu/libstdc++.so.6.0.25
7ff29b4aa000-7ff29b4ab000 ---p 00173000 08:01 7340305                    /usr/lib/x86_64-linux-gnu/libstdc++.so.6.0.25
7ff29b4ab000-7ff29b4b5000 r--p 00173000 08:01 7340305                    /usr/lib/x86_64-linux-gnu/libstdc++.so.6.0.25
7ff29b4b5000-7ff29b4b7000 rw-p 0017d000 08:01 7340305                    /usr/lib/x86_64-linux-gnu/libstdc++.so.6.0.25
7ff29b4b7000-7ff29b4bb000 rw-p 00000000 00:00 0 
7ff29b4bb000-7ff29b734000 r--p 00000000 08:01 8410953                    /usr/lib/jvm/java-11-openjdk-amd64/lib/server/libjvm.so
7ff29b734000-7ff29c345000 r-xp 00279000 08:01 8410953                    /usr/lib/jvm/java-11-openjdk-amd64/lib/server/libjvm.so
7ff29c345000-7ff29c59c000 r--p 00e8a000 08:01 8410953                    /usr/lib/jvm/java-11-openjdk-amd64/lib/server/libjvm.so
7ff29c59c000-7ff29c65d000 r--p 010e0000 08:01 8410953                    /usr/lib/jvm/java-11-openjdk-amd64/lib/server/libjvm.so
7ff29c65d000-7ff29c698000 rw-p 011a1000 08:01 8410953                    /usr/lib/jvm/java-11-openjdk-amd64/lib/server/libjvm.so
7ff29c698000-7ff29c6f1000 rw-p 00000000 00:00 0 
7ff29c6f1000-7ff29c713000 r--p 00000000 08:01 7340711                    /usr/lib/x86_64-linux-gnu/libc-2.28.so
7ff29c713000-7ff29c85b000 r-xp 00022000 08:01 7340711                    /usr/lib/x86_64-linux-gnu/libc-2.28.so
7ff29c85b000-7ff29c8a7000 r--p 0016a000 08:01 7340711                    /usr/lib/x86_64-linux-gnu/libc-2.28.so
7ff29c8a7000-7ff29c8a8000 ---p 001b6000 08:01 7340711                    /usr/lib/x86_64-linux-gnu/libc-2.28.so
7ff29c8a8000-7ff29c8ac000 r--p 001b6000 08:01 7340711                    /usr/lib/x86_64-linux-gnu/libc-2.28.so
7ff29c8ac000-7ff29c8ae000 rw-p 001ba000 08:01 7340711                    /usr/lib/x86_64-linux-gnu/libc-2.28.so
7ff29c8ae000-7ff29c8b2000 rw-p 00000000 00:00 0 
7ff29c8b2000-7ff29c8b3000 r--p 00000000 08:01 7340713                    /usr/lib/x86_64-linux-gnu/libdl-2.28.so
7ff29c8b3000-7ff29c8b4000 r-xp 00001000 08:01 7340713                    /usr/lib/x86_64-linux-gnu/libdl-2.28.so
7ff29c8b4000-7ff29c8b5000 r--p 00002000 08:01 7340713                    /usr/lib/x86_64-linux-gnu/libdl-2.28.so
7ff29c8b5000-7ff29c8b6000 r--p 00002000 08:01 7340713                    /usr/lib/x86_64-linux-gnu/libdl-2.28.so
7ff29c8b6000-7ff29c8b7000 rw-p 00003000 08:01 7340713                    /usr/lib/x86_64-linux-gnu/libdl-2.28.so
7ff29c8b7000-7ff29c8ba000 r--p 00000000 08:01 8410912                    /usr/lib/jvm/java-11-openjdk-amd64/lib/jli/libjli.so
7ff29c8ba000-7ff29c8c4000 r-xp 00003000 08:01 8410912                    /usr/lib/jvm/java-11-openjdk-amd64/lib/jli/libjli.so
7ff29c8c4000-7ff29c8c7000 r--p 0000d000 08:01 8410912                    /usr/lib/jvm/java-11-openjdk-amd64/lib/jli/libjli.so
7ff29c8c7000-7ff29c8c8000 ---p 00010000 08:01 8410912                    /usr/lib/jvm/java-11-openjdk-amd64/lib/jli/libjli.so
7ff29c8c8000-7ff29c8c9000 r--p 00010000 08:01 8410912                    /usr/lib/jvm/java-11-openjdk-amd64/lib/jli/libjli.so
7ff29c8c9000-7ff29c8ca000 rw-p 00011000 08:01 8410912                    /usr/lib/jvm/java-11-openjdk-amd64/lib/jli/libjli.so
7ff29c8ca000-7ff29c8d0000 r--p 00000000 08:01 7340729                    /usr/lib/x86_64-linux-gnu/libpthread-2.28.so
7ff29c8d0000-7ff29c8df000 r-xp 00006000 08:01 7340729                    /usr/lib/x86_64-linux-gnu/libpthread-2.28.so
7ff29c8df000-7ff29c8e5000 r--p 00015000 08:01 7340729                    /usr/lib/x86_64-linux-gnu/libpthread-2.28.so
7ff29c8e5000-7ff29c8e6000 r--p 0001a000 08:01 7340729                    /usr/lib/x86_64-linux-gnu/libpthread-2.28.so
7ff29c8e6000-7ff29c8e7000 rw-p 0001b000 08:01 7340729                    /usr/lib/x86_64-linux-gnu/libpthread-2.28.so
7ff29c8e7000-7ff29c8eb000 rw-p 00000000 00:00 0 
7ff29c8eb000-7ff29c907000 r-xp 00000000 08:01 7342287                    /usr/lib/x86_64-linux-gnu/libz.so.1.2.11
7ff29c907000-7ff29cb07000 ---p 0001c000 08:01 7342287                    /usr/lib/x86_64-linux-gnu/libz.so.1.2.11
7ff29cb07000-7ff29cb08000 r--p 0001c000 08:01 7342287                    /usr/lib/x86_64-linux-gnu/libz.so.1.2.11
7ff29cb08000-7ff29cb09000 rw-p 0001d000 08:01 7342287                    /usr/lib/x86_64-linux-gnu/libz.so.1.2.11
7ff29cb09000-7ff29cb0b000 rw-p 00000000 00:00 0 
7ff29cb0b000-7ff29cb0d000 r--s 00007000 08:01 8003583                    /usr/share/java/java-atk-wrapper.jar
7ff29cb0d000-7ff29cb15000 rw-s 00000000 08:01 2359589                    /tmp/hsperfdata_tobias/14314
7ff29cb15000-7ff29cb16000 ---p 00000000 00:00 0 
7ff29cb16000-7ff29cb17000 r--p 00000000 00:00 0 
7ff29cb17000-7ff29cb19000 r--p 00000000 08:01 8410932                    /usr/lib/jvm/java-11-openjdk-amd64/lib/libjimage.so
7ff29cb19000-7ff29cb1c000 r-xp 00002000 08:01 8410932                    /usr/lib/jvm/java-11-openjdk-amd64/lib/libjimage.so
7ff29cb1c000-7ff29cb1e000 r--p 00005000 08:01 8410932                    /usr/lib/jvm/java-11-openjdk-amd64/lib/libjimage.so
7ff29cb1e000-7ff29cb1f000 r--p 00006000 08:01 8410932                    /usr/lib/jvm/java-11-openjdk-amd64/lib/libjimage.so
7ff29cb1f000-7ff29cb20000 rw-p 00007000 08:01 8410932                    /usr/lib/jvm/java-11-openjdk-amd64/lib/libjimage.so
7ff29cb20000-7ff29cb25000 r--p 00000000 08:01 8410948                    /usr/lib/jvm/java-11-openjdk-amd64/lib/libverify.so
7ff29cb25000-7ff29cb2c000 r-xp 00005000 08:01 8410948                    /usr/lib/jvm/java-11-openjdk-amd64/lib/libverify.so
7ff29cb2c000-7ff29cb2e000 r--p 0000c000 08:01 8410948                    /usr/lib/jvm/java-11-openjdk-amd64/lib/libverify.so
7ff29cb2e000-7ff29cb30000 r--p 0000d000 08:01 8410948                    /usr/lib/jvm/java-11-openjdk-amd64/lib/libverify.so
7ff29cb30000-7ff29cb31000 rw-p 0000f000 08:01 8410948                    /usr/lib/jvm/java-11-openjdk-amd64/lib/libverify.so
7ff29cb31000-7ff29cb32000 r--p 00000000 08:01 7340048                    /usr/lib/x86_64-linux-gnu/ld-2.28.so
7ff29cb32000-7ff29cb50000 r-xp 00001000 08:01 7340048                    /usr/lib/x86_64-linux-gnu/ld-2.28.so
7ff29cb50000-7ff29cb58000 r--p 0001f000 08:01 7340048                    /usr/lib/x86_64-linux-gnu/ld-2.28.so
7ff29cb58000-7ff29cb59000 r--p 00026000 08:01 7340048                    /usr/lib/x86_64-linux-gnu/ld-2.28.so
7ff29cb59000-7ff29cb5a000 rw-p 00027000 08:01 7340048                    /usr/lib/x86_64-linux-gnu/ld-2.28.so
7ff29cb5a000-7ff29cb5b000 rw-p 00000000 00:00 0 
7ffc4949c000-7ffc494bd000 rw-p 00000000 00:00 0                          [stack]
7ffc4956f000-7ffc49572000 r--p 00000000 00:00 0                          [vvar]
7ffc49572000-7ffc49574000 r-xp 00000000 00:00 0                          [vdso]


VM Arguments:
jvm_args: -Dfile.encoding=UTF-8 -Xms1024m -Xmx1024m -Xss4M -XX:ReservedCodeCacheSize=128m 
java_command: /usr/share/sbt/bin/java9-rt-export.jar /rt.jar
java_class_path (initial): /usr/share/sbt/bin/java9-rt-export.jar
Launcher Type: SUN_STANDARD

[Global flags]
     intx CICompilerCount                          = 3                                         {product} {ergonomic}
     uint ConcGCThreads                            = 1                                         {product} {ergonomic}
     uint G1ConcRefinementThreads                  = 4                                         {product} {ergonomic}
   size_t G1HeapRegionSize                         = 1048576                                   {product} {ergonomic}
    uintx GCDrainStackTargetSize                   = 64                                        {product} {ergonomic}
   size_t InitialHeapSize                          = 1073741824                                {product} {command line}
   size_t MarkStackSize                            = 4194304                                   {product} {ergonomic}
   size_t MaxHeapSize                              = 1073741824                                {product} {command line}
   size_t MinHeapDeltaBytes                        = 1048576                                   {product} {ergonomic}
    uintx NonProfiledCodeHeapSize                  = 0                                      {pd product} {ergonomic}
    uintx ProfiledCodeHeapSize                     = 0                                      {pd product} {ergonomic}
    uintx ReservedCodeCacheSize                    = 134217728                              {pd product} {command line}
     intx ThreadStackSize                          = 4096                                   {pd product} {command line}
     bool UseCompressedClassPointers               = true                                 {lp64_product} {ergonomic}
     bool UseCompressedOops                        = true                                 {lp64_product} {ergonomic}
     bool UseG1GC                                  = true                                      {product} {ergonomic}

Logging:
Log output configuration:
 #0: stdout all=warning uptime,level,tags
 #1: stderr all=off uptime,level,tags

Environment Variables:
PATH=/home/tobias/.local/bin:/usr/local/bin:/usr/bin:/bin:/usr/local/games:/usr/games:/snap/bin:/home/tobias/.dotnet/tools:/opt/thinlinc/bin
SHELL=/bin/bash
DISPLAY=:0
LANG=en_US.UTF-8

Signal Handlers:
SIGSEGV: [libjvm.so+0xe170c0], sa_mask[0]=11111111011111111101111111111110, sa_flags=SA_RESTART|SA_SIGINFO
SIGBUS: [libjvm.so+0xe170c0], sa_mask[0]=11111111011111111101111111111110, sa_flags=SA_RESTART|SA_SIGINFO
SIGFPE: [libjvm.so+0xe170c0], sa_mask[0]=11111111011111111101111111111110, sa_flags=SA_RESTART|SA_SIGINFO
SIGPIPE: [libjvm.so+0xb6c750], sa_mask[0]=11111111011111111101111111111110, sa_flags=SA_RESTART|SA_SIGINFO
SIGXFSZ: [libjvm.so+0xb6c750], sa_mask[0]=11111111011111111101111111111110, sa_flags=SA_RESTART|SA_SIGINFO
SIGILL: [libjvm.so+0xe170c0], sa_mask[0]=11111111011111111101111111111110, sa_flags=SA_RESTART|SA_SIGINFO
SIGUSR2: [libjvm.so+0xb6c5e0], sa_mask[0]=00100000000000000000000000000000, sa_flags=SA_RESTART|SA_SIGINFO
SIGHUP: SIG_DFL, sa_mask[0]=00000000000000000000000000000000, sa_flags=none
SIGINT: SIG_DFL, sa_mask[0]=00000000000000000000000000000000, sa_flags=none
SIGTERM: SIG_DFL, sa_mask[0]=00000000000000000000000000000000, sa_flags=none
SIGQUIT: SIG_DFL, sa_mask[0]=00000000000000000000000000000000, sa_flags=none


---------------  S Y S T E M  ---------------

OS:PRETTY_NAME="Debian GNU/Linux 10 (buster)"
NAME="Debian GNU/Linux"
VERSION_ID="10"
VERSION="10 (buster)"
VERSION_CODENAME=buster
ID=debian
HOME_URL="https://www.debian.org/"
SUPPORT_URL="https://www.debian.org/support"
BUG_REPORT_URL="https://bugs.debian.org/"
uname:Linux 4.19.0-14-amd64 #1 SMP Debian 4.19.171-2 (2021-01-30) x86_64
OS uptime: 0 days 5:00 hours
libc:glibc 2.28 NPTL 2.28 
rlimit (soft/hard): STACK 8192k/infinity , CORE 0k/infinity , NPROC 14429/14429 , NOFILE 1048576/1048576 , AS infinity/infinity , CPU infinity/infinity , DATA infinity/infinity , FSIZE infinity/infinity , MEMLOCK infinity/infinity
load average:1.38 2.06 2.25

/proc/meminfo:
MemTotal:        3733696 kB
MemFree:          105808 kB
MemAvailable:     208816 kB
Buffers:           45200 kB
Cached:           786800 kB
SwapCached:        41380 kB
Active:          2476100 kB
Inactive:         848684 kB
Active(anon):    2301900 kB
Inactive(anon):   745224 kB
Active(file):     174200 kB
Inactive(file):   103460 kB
Unevictable:         588 kB
Mlocked:             588 kB
SwapTotal:       3881980 kB
SwapFree:         425616 kB
Dirty:              8724 kB
Writeback:             0 kB
AnonPages:       2452148 kB
Mapped:           281552 kB
Shmem:            554336 kB
Slab:             157232 kB
SReclaimable:      56188 kB
SUnreclaim:       101044 kB
KernelStack:       17104 kB
PageTables:        49056 kB
NFS_Unstable:          0 kB
Bounce:                0 kB
WritebackTmp:          0 kB
CommitLimit:     5748828 kB
Committed_AS:   12793264 kB
VmallocTotal:   34359738367 kB
VmallocUsed:           0 kB
VmallocChunk:          0 kB
Percpu:             3072 kB
HardwareCorrupted:     0 kB
AnonHugePages:     73728 kB
ShmemHugePages:        0 kB
ShmemPmdMapped:        0 kB
HugePages_Total:       0
HugePages_Free:        0
HugePages_Rsvd:        0
HugePages_Surp:        0
Hugepagesize:       2048 kB
Hugetlb:               0 kB
DirectMap4k:      223588 kB
DirectMap2M:     3659776 kB
DirectMap1G:           0 kB

/sys/kernel/mm/transparent_hugepage/enabled:
[always] madvise never
/sys/kernel/mm/transparent_hugepage/defrag (defrag/compaction efforts parameter):
always defer defer+madvise [madvise] never

/proc/sys/kernel/threads-max (system-wide limit on the number of threads):
28858
/proc/sys/vm/max_map_count (maximum number of memory map areas a process may have):
65530
/proc/sys/kernel/pid_max (system-wide limit on number of process identifiers):
32768

container (cgroup) information:
container_type: cgroupv1
cpu_cpuset_cpus: 0-3
cpu_memory_nodes: 0
active_processor_count: 4
cpu_quota: -1
cpu_period: 100000
cpu_shares: -1
memory_limit_in_bytes: -1
memory_and_swap_limit_in_bytes: -2
memory_soft_limit_in_bytes: -1
memory_usage_in_bytes: 3210084352
memory_max_usage_in_bytes: 3408158720

Steal ticks since vm start: 0
Steal ticks percentage since vm start:  0.000

CPU:total 4 (initial active 4) (2 cores per cpu, 2 threads per core) family 6 model 61 stepping 4, cmov, cx8, fxsr, mmx, sse, sse2, sse3, ssse3, sse4.1, sse4.2, popcnt, avx, avx2, aes, clmul, erms, rtm, 3dnowpref, lzcnt, ht, tsc, tscinvbit, bmi1, bmi2, adx, fma
CPU Model and flags from /proc/cpuinfo:
model name	: Intel(R) Core(TM) i5-5300U CPU @ 2.30GHz
flags		: fpu vme de pse tsc msr pae mce cx8 apic sep mtrr pge mca cmov pat pse36 clflush dts acpi mmx fxsr sse sse2 ss ht tm pbe syscall nx pdpe1gb rdtscp lm constant_tsc arch_perfmon pebs bts rep_good nopl xtopology nonstop_tsc cpuid aperfmperf pni pclmulqdq dtes64 monitor ds_cpl vmx smx est tm2 ssse3 sdbg fma cx16 xtpr pdcm pcid sse4_1 sse4_2 x2apic movbe popcnt tsc_deadline_timer aes xsave avx f16c rdrand lahf_lm abm 3dnowprefetch cpuid_fault epb invpcid_single pti ibrs ibpb stibp tpr_shadow vnmi flexpriority ept vpid ept_ad fsgsbase tsc_adjust bmi1 hle avx2 smep bmi2 erms invpcid rtm rdseed adx smap intel_pt xsaveopt dtherm ida arat pln pts
Online cpus:
0-3
Offline cpus:
4-7
BIOS frequency limitation:
<Not Available>
Frequency switch latency (ns):
0
Available cpu frequencies:
<Not Available>
Current governor:
powersave
Core performance/turbo boost:
<Not Available>

Memory: 4k page, physical 3733696k(105808k free), swap 3881980k(425616k free)

vm_info: OpenJDK 64-Bit Server VM (11.0.9.1+1-post-Debian-1deb10u2) for linux-amd64 JRE (11.0.9.1+1-post-Debian-1deb10u2), built on Nov 28 2020 17:42:37 by "unknown" with gcc 8.3.0

END.
